2024-05-27 12:51:05.982 [pool-3-thread-1] INFO  com.rs.mv.mvvs.client.catalog.from.scan.CurrentPathScanner - [client:400205]scan file in current open file directory(C:/Users/Chuka/Desktop/projects/nextjs/acrossnig4)
2024-05-27 12:51:37.389 [pool-3-thread-1] INFO  com.rs.mv.mvvs.client.catalog.from.scan.CurrentPathScanner - [client:400205]scan file in current open file directory(C:/Users/Chuka/Desktop/projects/nextjs/acrossnig4)
2024-05-27 16:27:51.811 [pool-3-thread-1] INFO  com.rs.mv.mvvs.client.catalog.from.scan.CurrentPathScanner - [client:400205]scan file in current open file directory(C:/Users/Chuka/Desktop/projects/nextjs/acrossnig4/src/pages/naijavibes)
2024-05-27 16:28:42.717 [pool-3-thread-1] INFO  com.rs.mv.mvvs.client.catalog.from.scan.CurrentPathScanner - [client:400205]scan file in current open file directory(C:/Users/Chuka/Desktop/projects/nextjs/acrossnig4/src/pages/mail)
2024-05-27 17:04:50.749 [pool-3-thread-1] INFO  com.rs.mv.mvvs.client.catalog.from.scan.CurrentPathScanner - [client:400205]scan file in current open file directory(C:/Users/Chuka/Desktop/projects/nextjs/acrossnig4/src/pages/api/mail)
2024-05-27 17:10:26.951 [pool-3-thread-1] INFO  com.rs.mv.mvvs.client.catalog.from.scan.CurrentPathScanner - [client:400205]scan file in current open file directory(C:/Users/Chuka/Desktop/projects/nextjs/acrossnig4/src/pages/api/booking)
2024-05-27 17:10:32.686 [pool-3-thread-1] INFO  com.rs.mv.mvvs.client.catalog.from.scan.CurrentPathScanner - [client:400205]scan file in current open file directory(C:/Users/Chuka/Desktop/projects/nextjs/acrossnig4/src/pages/api/auth)
2024-05-27 17:10:50.549 [pool-3-thread-1] INFO  com.rs.mv.mvvs.client.catalog.from.scan.CurrentPathScanner - [client:400205]scan file in current open file directory(C:/Users/Chuka/Desktop/projects/nextjs/acrossnig4/src/pages/api/auth)
2024-05-27 17:11:12.951 [pool-3-thread-1] INFO  com.rs.mv.mvvs.client.catalog.from.scan.CurrentPathScanner - [client:400205]scan file in current open file directory(C:/Users/Chuka/Desktop/projects/nextjs/acrossnig4/src/pages/api/naijavibes)
2024-05-27 17:11:16.470 [pool-3-thread-1] INFO  com.rs.mv.mvvs.client.catalog.from.scan.CurrentPathScanner - [client:400205]scan file in current open file directory(C:/Users/Chuka/Desktop/projects/nextjs/acrossnig4/src/pages/api/naijavibes)
2024-05-27 17:11:19.662 [pool-3-thread-1] INFO  com.rs.mv.mvvs.client.catalog.from.scan.CurrentPathScanner - [client:400205]scan file in current open file directory(C:/Users/Chuka/Desktop/projects/nextjs/acrossnig4/src/pages/api/naijavibes)
2024-05-27 17:11:21.631 [pool-3-thread-1] INFO  com.rs.mv.mvvs.client.catalog.from.scan.CurrentPathScanner - [client:400205]scan file in current open file directory(C:/Users/Chuka/Desktop/projects/nextjs/acrossnig4/src/pages/api/mail)
2024-05-27 17:19:13.874 [pool-3-thread-1] INFO  com.rs.mv.mvvs.client.catalog.from.scan.CurrentPathScanner - [client:400205]scan file in current open file directory(C:/Users/Chuka/Desktop/projects/nextjs/acrossnig4/src/components)
2024-05-27 17:20:53.944 [pool-3-thread-1] INFO  com.rs.mv.mvvs.client.catalog.from.scan.CurrentPathScanner - [client:400205]scan file in current open file directory(C:/Users/Chuka/Desktop/projects/nextjs/acrossnig4/src/pages/api/mail)
2024-05-27 17:21:14.614 [pool-3-thread-1] INFO  com.rs.mv.mvvs.client.catalog.from.scan.CurrentPathScanner - [client:400205]scan file in current open file directory(C:/Users/Chuka/Desktop/projects/nextjs/acrossnig4/src/components)
2024-05-27 17:21:27.576 [pool-3-thread-1] INFO  com.rs.mv.mvvs.client.catalog.from.scan.CurrentPathScanner - [client:400205]scan file in current open file directory(C:/Users/Chuka/Desktop/projects/nextjs/acrossnig4/src/pages/api/mail)
2024-05-27 17:21:33.555 [pool-3-thread-1] INFO  com.rs.mv.mvvs.client.catalog.from.scan.CurrentPathScanner - [client:400205]scan file in current open file directory(C:/Users/Chuka/Desktop/projects/nextjs/acrossnig4/src/pages/mail)
2024-05-27 17:23:09.089 [pool-3-thread-1] INFO  com.rs.mv.mvvs.client.catalog.from.scan.CurrentPathScanner - [client:400205]scan file in current open file directory(C:/Users/Chuka/Desktop/projects/nextjs/acrossnig4/src/pages/api/mail)
2024-05-27 17:29:24.676 [pool-3-thread-1] INFO  com.rs.mv.mvvs.client.catalog.from.scan.CurrentPathScanner - [client:400205]scan file in current open file directory(C:/Users/Chuka/Desktop/projects/nextjs/acrossnig4)
2024-05-27 17:29:31.722 [pool-3-thread-1] INFO  com.rs.mv.mvvs.client.catalog.from.scan.CurrentPathScanner - [client:400205]scan file in current open file directory(C:/Users/Chuka/Desktop/projects/nextjs/acrossnig4/src/pages/api/mail)
2024-05-27 17:32:26.368 [pool-3-thread-1] INFO  com.rs.mv.mvvs.client.catalog.from.scan.CurrentPathScanner - [client:400205]scan file in current open file directory(C:/Users/Chuka/Desktop/projects/nextjs/acrossnig4/node_modules/@types/node)
2024-05-27 17:32:29.402 [pool-3-thread-1] INFO  com.rs.mv.mvvs.client.catalog.from.scan.CurrentPathScanner - [client:400205]scan file in current open file directory(C:/Users/Chuka/Desktop/projects/nextjs/acrossnig4/src/pages/api/mail)
2024-05-27 17:32:37.096 [pool-3-thread-1] INFO  com.rs.mv.mvvs.client.catalog.from.scan.CurrentPathScanner - [client:400205]scan file in current open file directory(C:/Users/Chuka/Desktop/projects/nextjs/acrossnig4/node_modules/@types/node)
2024-05-27 17:32:42.133 [pool-3-thread-1] INFO  com.rs.mv.mvvs.client.catalog.from.scan.CurrentPathScanner - [client:400205]scan file in current open file directory(C:/Users/Chuka/Desktop/projects/nextjs/acrossnig4/src/pages/api/mail)
2024-05-27 17:32:47.647 [pool-3-thread-1] INFO  com.rs.mv.mvvs.client.catalog.from.scan.CurrentPathScanner - [client:400205]scan file in current open file directory(C:/Users/Chuka/Desktop/projects/nextjs/acrossnig4/node_modules/resend/dist)
2024-05-27 17:32:50.412 [pool-3-thread-1] INFO  com.rs.mv.mvvs.client.catalog.from.scan.CurrentPathScanner - [client:400205]scan file in current open file directory(C:/Users/Chuka/Desktop/projects/nextjs/acrossnig4/src/pages/api/mail)
2024-05-27 17:33:19.614 [pool-3-thread-1] INFO  com.rs.mv.mvvs.client.catalog.from.scan.CurrentPathScanner - [client:400205]scan file in current open file directory(C:/Users/Chuka/Desktop/projects/nextjs/acrossnig4/src/pages/api/admin)
2024-05-27 17:33:31.539 [pool-3-thread-1] INFO  com.rs.mv.mvvs.client.catalog.from.scan.CurrentPathScanner - [client:400205]scan file in current open file directory(C:/Users/Chuka/Desktop/projects/nextjs/acrossnig4/src/pages/api/mail)
2024-05-27 17:33:43.455 [pool-3-thread-1] INFO  com.rs.mv.mvvs.client.catalog.from.scan.CurrentPathScanner - [client:400205]scan file in current open file directory(C:/Users/Chuka/Desktop/projects/nextjs/acrossnig4/src/pages/mail)
2024-05-27 17:34:03.427 [pool-3-thread-1] INFO  com.rs.mv.mvvs.client.catalog.from.scan.CurrentPathScanner - [client:400205]scan file in current open file directory(C:/Users/Chuka/Desktop/projects/nextjs/acrossnig4/src/pages/api/mail)
2024-05-27 17:35:28.660 [pool-3-thread-1] INFO  com.rs.mv.mvvs.client.catalog.from.scan.CurrentPathScanner - [client:400205]scan file in current open file directory(C:/Users/Chuka/Desktop/projects/nextjs/acrossnig4/src/pages/mail)
2024-05-27 17:35:39.700 [pool-3-thread-1] INFO  com.rs.mv.mvvs.client.catalog.from.scan.CurrentPathScanner - [client:400205]scan file in current open file directory(C:/Users/Chuka/Desktop/projects/nextjs/acrossnig4/src/pages/api/mail)
2024-05-27 17:37:02.499 [pool-3-thread-1] INFO  com.rs.mv.mvvs.client.catalog.from.scan.CurrentPathScanner - [client:400205]scan file in current open file directory(C:/Users/Chuka/Desktop/projects/nextjs/acrossnig4/src/pages/mail)
2024-05-27 17:38:18.280 [pool-3-thread-1] INFO  com.rs.mv.mvvs.client.catalog.from.scan.CurrentPathScanner - [client:400205]scan file in current open file directory(C:/Users/Chuka/Desktop/projects/nextjs/acrossnig4)
2024-05-27 17:43:50.909 [pool-3-thread-1] INFO  com.rs.mv.mvvs.client.catalog.from.scan.CurrentPathScanner - [client:400205]scan file in current open file directory(C:/Users/Chuka/Desktop/projects/nextjs/acrossnig4/src/pages/mail)
2024-05-27 17:43:54.880 [pool-3-thread-1] INFO  com.rs.mv.mvvs.client.catalog.from.scan.CurrentPathScanner - [client:400205]scan file in current open file directory(C:/Users/Chuka/Desktop/projects/nextjs/acrossnig4/src/pages/api/mail)
2024-05-27 17:44:41.071 [pool-3-thread-1] INFO  com.rs.mv.mvvs.client.catalog.from.scan.CurrentPathScanner - [client:400205]scan file in current open file directory(C:/Users/Chuka/Desktop/projects/nextjs/acrossnig4/src/components)
2024-05-27 17:44:52.388 [pool-3-thread-1] INFO  com.rs.mv.mvvs.client.catalog.from.scan.CurrentPathScanner - [client:400205]scan file in current open file directory(C:/Users/Chuka/Desktop/projects/nextjs/acrossnig4/src/pages/api/mail)
2024-05-27 18:43:56.013 [pool-3-thread-1] INFO  com.rs.mv.mvvs.client.catalog.from.scan.CurrentPathScanner - [client:400205]scan file in current open file directory(C:/Users/Chuka/Desktop/projects/nextjs/acrossnig4/src/components)
2024-05-27 18:44:30.245 [pool-3-thread-1] INFO  com.rs.mv.mvvs.client.catalog.from.scan.CurrentPathScanner - [client:400205]scan file in current open file directory(C:/Users/Chuka/Desktop/projects/nextjs/acrossnig4/src/pages/api/mail)
2024-05-27 18:44:43.394 [pool-3-thread-1] INFO  com.rs.mv.mvvs.client.catalog.from.scan.CurrentPathScanner - [client:400205]scan file in current open file directory(C:/Users/Chuka/Desktop/projects/nextjs/acrossnig4/src/components)
2024-05-27 18:48:46.439 [pool-3-thread-1] INFO  com.rs.mv.mvvs.client.catalog.from.scan.CurrentPathScanner - [client:400205]scan file in current open file directory(C:/Users/Chuka/Desktop/projects/nextjs/acrossnig4/src/pages/api/mail)
2024-05-27 18:48:58.101 [pool-3-thread-1] INFO  com.rs.mv.mvvs.client.catalog.from.scan.CurrentPathScanner - [client:400205]scan file in current open file directory(C:/Users/Chuka/Desktop/projects/nextjs/acrossnig4/src/components)
2024-05-27 18:49:00.442 [pool-3-thread-1] INFO  com.rs.mv.mvvs.client.catalog.from.scan.CurrentPathScanner - [client:400205]scan file in current open file directory(C:/Users/Chuka/Desktop/projects/nextjs/acrossnig4/src/pages/api/mail)
2024-05-27 18:49:38.043 [pool-3-thread-1] INFO  com.rs.mv.mvvs.client.catalog.from.scan.CurrentPathScanner - [client:400205]scan file in current open file directory(C:/Users/Chuka/Desktop/projects/nextjs/acrossnig4/src/components)
2024-05-27 18:49:42.716 [pool-3-thread-1] INFO  com.rs.mv.mvvs.client.catalog.from.scan.CurrentPathScanner - [client:400205]scan file in current open file directory(C:/Users/Chuka/Desktop/projects/nextjs/acrossnig4/src/pages/mail)
2024-05-27 18:49:43.695 [pool-3-thread-1] INFO  com.rs.mv.mvvs.client.catalog.from.scan.CurrentPathScanner - [client:400205]scan file in current open file directory(C:/Users/Chuka/Desktop/projects/nextjs/acrossnig4/src/pages/api/mail)
2024-05-27 18:50:37.531 [pool-3-thread-1] INFO  com.rs.mv.mvvs.client.catalog.from.scan.CurrentPathScanner - [client:400205]scan file in current open file directory(C:/Users/Chuka/Desktop/projects/nextjs/acrossnig4/src/pages/mail)
2024-05-27 18:50:52.887 [pool-3-thread-1] INFO  com.rs.mv.mvvs.client.catalog.from.scan.CurrentPathScanner - [client:400205]scan file in current open file directory(C:/Users/Chuka/Desktop/projects/nextjs/acrossnig4/src/pages/api/mail)
2024-05-27 18:56:19.639 [pool-3-thread-1] INFO  com.rs.mv.mvvs.client.catalog.from.scan.CurrentPathScanner - [client:400205]scan file in current open file directory(C:/Users/Chuka/Desktop/projects/nextjs/acrossnig4/src/pages)
2024-05-27 19:09:14.379 [pool-3-thread-1] INFO  com.rs.mv.mvvs.client.catalog.from.scan.CurrentPathScanner - [client:400205]scan file in current open file directory(C:/Users/Chuka/Desktop/projects/nextjs/acrossnig4/src/pages)
2024-05-27 19:09:52.878 [pool-3-thread-1] INFO  com.rs.mv.mvvs.client.catalog.from.scan.CurrentPathScanner - [client:400205]scan file in current open file directory(C:/Users/Chuka/Desktop/projects/nextjs/acrossnig4/src/pages)
2024-05-27 19:14:13.909 [pool-3-thread-1] INFO  com.rs.mv.mvvs.client.catalog.from.scan.CurrentPathScanner - [client:400205]scan file in current open file directory(C:/Users/Chuka/Desktop/projects/nextjs/acrossnig4/src/pages)
2024-05-27 19:14:33.782 [pool-3-thread-1] INFO  com.rs.mv.mvvs.client.catalog.from.scan.CurrentPathScanner - [client:400205]scan file in current open file directory(C:/Users/Chuka/Desktop/projects/nextjs/acrossnig4/src/pages)
2024-05-27 19:19:56.752 [pool-3-thread-1] INFO  com.rs.mv.mvvs.client.catalog.from.scan.CurrentPathScanner - [client:400205]scan file in current open file directory(C:/Users/Chuka/Desktop/projects/nextjs/acrossnig4/src/pages/naijavibes/naijaphotos)
2024-05-27 19:21:12.742 [pool-3-thread-1] INFO  com.rs.mv.mvvs.client.catalog.from.scan.CurrentPathScanner - [client:400205]scan file in current open file directory(C:/Users/Chuka/Desktop/projects/nextjs/acrossnig4/src/pages)
2024-05-27 19:21:39.151 [pool-3-thread-1] INFO  com.rs.mv.mvvs.client.catalog.from.scan.CurrentPathScanner - [client:400205]scan file in current open file directory(C:/Users/Chuka/Desktop/projects/nextjs/acrossnig4/src/pages/naijavibes/naijaphotos)
2024-05-27 19:21:46.765 [pool-3-thread-1] INFO  com.rs.mv.mvvs.client.catalog.from.scan.CurrentPathScanner - [client:400205]scan file in current open file directory(C:/Users/Chuka/Desktop/projects/nextjs/acrossnig4/src/pages)
2024-05-27 19:21:53.049 [pool-3-thread-1] INFO  com.rs.mv.mvvs.client.catalog.from.scan.CurrentPathScanner - [client:400205]scan file in current open file directory(C:/Users/Chuka/Desktop/projects/nextjs/acrossnig4/src/pages/naijavibes/naijaphotos)
2024-05-27 19:22:12.850 [pool-3-thread-1] INFO  com.rs.mv.mvvs.client.catalog.from.scan.CurrentPathScanner - [client:400205]scan file in current open file directory(C:/Users/Chuka/Desktop/projects/nextjs/acrossnig4/src/pages)
2024-05-27 19:24:34.347 [pool-3-thread-1] INFO  com.rs.mv.mvvs.client.catalog.from.scan.CurrentPathScanner - [client:400205]scan file in current open file directory(C:/Users/Chuka/Desktop/projects/nextjs/acrossnig4/src/pages/api/mail)
2024-05-27 19:24:37.094 [pool-3-thread-1] INFO  com.rs.mv.mvvs.client.catalog.from.scan.CurrentPathScanner - [client:400205]scan file in current open file directory(C:/Users/Chuka/Desktop/projects/nextjs/acrossnig4/src/pages/naijavibes/naijaphotos)
2024-05-27 19:24:49.493 [pool-3-thread-1] INFO  com.rs.mv.mvvs.client.catalog.from.scan.CurrentPathScanner - [client:400205]scan file in current open file directory(C:/Users/Chuka/Desktop/projects/nextjs/acrossnig4/src/pages)
2024-05-27 19:24:58.299 [pool-3-thread-1] INFO  com.rs.mv.mvvs.client.catalog.from.scan.CurrentPathScanner - [client:400205]scan file in current open file directory(C:/Users/Chuka/Desktop/projects/nextjs/acrossnig4/src/pages/naijavibes/naijaphotos)
2024-05-27 19:25:07.027 [pool-3-thread-1] INFO  com.rs.mv.mvvs.client.catalog.from.scan.CurrentPathScanner - [client:400205]scan file in current open file directory(C:/Users/Chuka/Desktop/projects/nextjs/acrossnig4/src/pages)
2024-05-27 19:25:22.812 [pool-3-thread-1] INFO  com.rs.mv.mvvs.client.catalog.from.scan.CurrentPathScanner - [client:400205]scan file in current open file directory(C:/Users/Chuka/Desktop/projects/nextjs/acrossnig4/src/pages/naijavibes/naijaphotos)
2024-05-27 19:25:25.578 [pool-3-thread-1] INFO  com.rs.mv.mvvs.client.catalog.from.scan.CurrentPathScanner - [client:400205]scan file in current open file directory(C:/Users/Chuka/Desktop/projects/nextjs/acrossnig4/src/pages)
2024-05-27 19:25:38.619 [pool-3-thread-1] INFO  com.rs.mv.mvvs.client.catalog.from.scan.CurrentPathScanner - [client:400205]scan file in current open file directory(C:/Users/Chuka/Desktop/projects/nextjs/acrossnig4/src/pages/api/mail)
2024-05-27 19:25:41.444 [pool-3-thread-1] INFO  com.rs.mv.mvvs.client.catalog.from.scan.CurrentPathScanner - [client:400205]scan file in current open file directory(C:/Users/Chuka/Desktop/projects/nextjs/acrossnig4/src/pages/naijavibes/naijaphotos)
2024-05-27 19:25:43.545 [pool-3-thread-1] INFO  com.rs.mv.mvvs.client.catalog.from.scan.CurrentPathScanner - [client:400205]scan file in current open file directory(C:/Users/Chuka/Desktop/projects/nextjs/acrossnig4/src/pages)
2024-05-27 19:25:53.051 [pool-3-thread-1] INFO  com.rs.mv.mvvs.client.catalog.from.scan.CurrentPathScanner - [client:400205]scan file in current open file directory(C:/Users/Chuka/Desktop/projects/nextjs/acrossnig4/src/pages/naijavibes/naijaphotos)
2024-05-27 19:26:19.115 [pool-3-thread-1] INFO  com.rs.mv.mvvs.client.catalog.from.scan.CurrentPathScanner - [client:400205]scan file in current open file directory(C:/Users/Chuka/Desktop/projects/nextjs/acrossnig4/src/pages/api)
2024-05-27 19:26:27.661 [pool-3-thread-1] INFO  com.rs.mv.mvvs.client.catalog.from.scan.CurrentPathScanner - [client:400205]scan file in current open file directory(C:/Users/Chuka/Desktop/projects/nextjs/acrossnig4/src/pages/api)
2024-05-27 19:26:32.119 [pool-3-thread-1] INFO  com.rs.mv.mvvs.client.catalog.from.scan.CurrentPathScanner - [client:400205]scan file in current open file directory(C:/Users/Chuka/Desktop/projects/nextjs/acrossnig4/src/pages/api)
2024-05-27 19:26:33.355 [pool-3-thread-1] INFO  com.rs.mv.mvvs.client.catalog.from.scan.CurrentPathScanner - [client:400205]scan file in current open file directory(C:/Users/Chuka/Desktop/projects/nextjs/acrossnig4/src/pages/api)
2024-05-27 19:27:10.360 [pool-3-thread-1] INFO  com.rs.mv.mvvs.client.catalog.from.scan.CurrentPathScanner - [client:400205]scan file in current open file directory(C:/Users/Chuka/Desktop/projects/nextjs/acrossnig4/src/pages/naijavibes/naijaphotos)
2024-05-27 19:27:25.224 [pool-3-thread-1] INFO  com.rs.mv.mvvs.client.catalog.from.scan.CurrentPathScanner - [client:400205]scan file in current open file directory(C:/Users/Chuka/Desktop/projects/nextjs/acrossnig4/src/pages)
2024-05-27 19:27:38.687 [pool-3-thread-1] INFO  com.rs.mv.mvvs.client.catalog.from.scan.CurrentPathScanner - [client:400205]scan file in current open file directory(C:/Users/Chuka/Desktop/projects/nextjs/acrossnig4/src/pages)
2024-05-27 19:28:02.353 [pool-3-thread-1] INFO  com.rs.mv.mvvs.client.catalog.from.scan.CurrentPathScanner - [client:400205]scan file in current open file directory(C:/Users/Chuka/Desktop/projects/nextjs/acrossnig4/src/pages)
2024-05-27 19:28:23.820 [pool-3-thread-1] INFO  com.rs.mv.mvvs.client.catalog.from.scan.CurrentPathScanner - [client:400205]scan file in current open file directory(C:/Users/Chuka/Desktop/projects/nextjs/acrossnig4/src/pages/api/auth)
2024-05-27 19:28:57.507 [pool-3-thread-1] INFO  com.rs.mv.mvvs.client.catalog.from.scan.CurrentPathScanner - [client:400205]scan file in current open file directory(C:/Users/Chuka/Desktop/projects/nextjs/acrossnig4/src/pages/api/naijavibes)
2024-05-27 19:29:07.706 [pool-3-thread-1] INFO  com.rs.mv.mvvs.client.catalog.from.scan.CurrentPathScanner - [client:400205]scan file in current open file directory(C:/Users/Chuka/Desktop/projects/nextjs/acrossnig4/src/pages/api/naijavibes)
2024-05-27 19:29:16.591 [pool-3-thread-1] INFO  com.rs.mv.mvvs.client.catalog.from.scan.CurrentPathScanner - [client:400205]scan file in current open file directory(C:/Users/Chuka/Desktop/projects/nextjs/acrossnig4/src/pages/api)
2024-05-27 19:29:22.409 [pool-3-thread-1] INFO  com.rs.mv.mvvs.client.catalog.from.scan.CurrentPathScanner - [client:400205]scan file in current open file directory(C:/Users/Chuka/Desktop/projects/nextjs/acrossnig4/src/pages/api)
2024-05-27 19:29:49.364 [pool-3-thread-1] INFO  com.rs.mv.mvvs.client.catalog.from.scan.CurrentPathScanner - [client:400205]scan file in current open file directory(C:/Users/Chuka/Desktop/projects/nextjs/acrossnig4/src/pages)
2024-05-27 19:31:47.281 [pool-3-thread-1] INFO  com.rs.mv.mvvs.client.catalog.from.scan.CurrentPathScanner - [client:400205]scan file in current open file directory(C:/Users/Chuka/Desktop/projects/nextjs/acrossnig4/src/pages/api)
2024-05-27 19:31:50.590 [pool-3-thread-1] INFO  com.rs.mv.mvvs.client.catalog.from.scan.CurrentPathScanner - [client:400205]scan file in current open file directory(C:/Users/Chuka/Desktop/projects/nextjs/acrossnig4/src/pages/naijavibes/naijaphotos)
2024-05-27 19:31:58.280 [pool-3-thread-1] INFO  com.rs.mv.mvvs.client.catalog.from.scan.CurrentPathScanner - [client:400205]scan file in current open file directory(C:/Users/Chuka/Desktop/projects/nextjs/acrossnig4/src/pages)
2024-05-27 19:35:44.036 [pool-3-thread-1] INFO  com.rs.mv.mvvs.client.catalog.from.scan.CurrentPathScanner - [client:400205]scan file in current open file directory(C:/Users/Chuka/Desktop/projects/nextjs/acrossnig4/src/pages/naijavibes/naijaphotos)
2024-05-27 19:36:16.477 [pool-3-thread-1] INFO  com.rs.mv.mvvs.client.catalog.from.scan.CurrentPathScanner - [client:400205]scan file in current open file directory(C:/Users/Chuka/Desktop/projects/nextjs/acrossnig4/src/pages/api/naijavibes)
2024-05-27 19:37:05.678 [pool-3-thread-1] INFO  com.rs.mv.mvvs.client.catalog.from.scan.CurrentPathScanner - [client:400205]scan file in current open file directory(C:/Users/Chuka/Desktop/projects/nextjs/acrossnig4/src/pages)
2024-05-27 19:37:20.194 [pool-3-thread-1] INFO  com.rs.mv.mvvs.client.catalog.from.scan.CurrentPathScanner - [client:400205]scan file in current open file directory(C:/Users/Chuka/Desktop/projects/nextjs/acrossnig4/src/pages/api/naijavibes)
2024-05-27 19:38:12.702 [pool-3-thread-1] INFO  com.rs.mv.mvvs.client.catalog.from.scan.CurrentPathScanner - [client:400205]scan file in current open file directory(C:/Users/Chuka/Desktop/projects/nextjs/acrossnig4/src/pages/api)
2024-05-27 19:38:15.850 [pool-3-thread-1] INFO  com.rs.mv.mvvs.client.catalog.from.scan.CurrentPathScanner - [client:400205]scan file in current open file directory(C:/Users/Chuka/Desktop/projects/nextjs/acrossnig4/src/pages/api/naijavibes)
2024-05-27 19:38:28.075 [pool-3-thread-1] INFO  com.rs.mv.mvvs.client.catalog.from.scan.CurrentPathScanner - [client:400205]scan file in current open file directory(C:/Users/Chuka/Desktop/projects/nextjs/acrossnig4/src/pages/api)
2024-05-27 19:40:54.424 [pool-3-thread-1] INFO  com.rs.mv.mvvs.client.catalog.from.scan.CurrentPathScanner - [client:400205]scan file in current open file directory(C:/Users/Chuka/Desktop/projects/nextjs/acrossnig4/src/pages/api/naijavibes)
2024-05-27 19:41:02.321 [pool-3-thread-1] INFO  com.rs.mv.mvvs.client.catalog.from.scan.CurrentPathScanner - [client:400205]scan file in current open file directory(C:/Users/Chuka/Desktop/projects/nextjs/acrossnig4/src/pages/api)
2024-05-27 19:41:14.924 [pool-3-thread-1] INFO  com.rs.mv.mvvs.client.catalog.from.scan.CurrentPathScanner - [client:400205]scan file in current open file directory(C:/Users/Chuka/Desktop/projects/nextjs/acrossnig4/src/pages/api/naijavibes)
2024-05-27 19:41:19.634 [pool-3-thread-1] INFO  com.rs.mv.mvvs.client.catalog.from.scan.CurrentPathScanner - [client:400205]scan file in current open file directory(C:/Users/Chuka/Desktop/projects/nextjs/acrossnig4/src/pages/api)
2024-05-27 19:41:26.185 [pool-3-thread-1] INFO  com.rs.mv.mvvs.client.catalog.from.scan.CurrentPathScanner - [client:400205]scan file in current open file directory(C:/Users/Chuka/Desktop/projects/nextjs/acrossnig4/src/pages/api/naijavibes)
2024-05-27 19:41:27.512 [pool-3-thread-1] INFO  com.rs.mv.mvvs.client.catalog.from.scan.CurrentPathScanner - [client:400205]scan file in current open file directory(C:/Users/Chuka/Desktop/projects/nextjs/acrossnig4/src/pages/naijavibes/naijaphotos)
2024-05-27 19:41:44.368 [pool-3-thread-1] INFO  com.rs.mv.mvvs.client.catalog.from.scan.CurrentPathScanner - [client:400205]scan file in current open file directory(C:/Users/Chuka/Desktop/projects/nextjs/acrossnig4/src/pages/api/naijavibes)
2024-05-27 19:42:03.643 [pool-3-thread-1] INFO  com.rs.mv.mvvs.client.catalog.from.scan.CurrentPathScanner - [client:400205]scan file in current open file directory(C:/Users/Chuka/Desktop/projects/nextjs/acrossnig4/src/pages/api)
2024-05-27 19:42:09.010 [pool-3-thread-1] INFO  com.rs.mv.mvvs.client.catalog.from.scan.CurrentPathScanner - [client:400205]scan file in current open file directory(C:/Users/Chuka/Desktop/projects/nextjs/acrossnig4/src/pages/api/naijavibes)
2024-05-27 19:42:10.431 [pool-3-thread-1] INFO  com.rs.mv.mvvs.client.catalog.from.scan.CurrentPathScanner - [client:400205]scan file in current open file directory(C:/Users/Chuka/Desktop/projects/nextjs/acrossnig4/src/pages/naijavibes/naijaphotos)
2024-05-27 19:42:16.652 [pool-3-thread-1] INFO  com.rs.mv.mvvs.client.catalog.from.scan.CurrentPathScanner - [client:400205]scan file in current open file directory(C:/Users/Chuka/Desktop/projects/nextjs/acrossnig4/src/pages/naijavibes/naijaphotos)
2024-05-27 19:42:19.110 [pool-3-thread-1] INFO  com.rs.mv.mvvs.client.catalog.from.scan.CurrentPathScanner - [client:400205]scan file in current open file directory(C:/Users/Chuka/Desktop/projects/nextjs/acrossnig4/src/pages)
2024-05-27 19:42:33.113 [pool-3-thread-1] INFO  com.rs.mv.mvvs.client.catalog.from.scan.CurrentPathScanner - [client:400205]scan file in current open file directory(C:/Users/Chuka/Desktop/projects/nextjs/acrossnig4/src/pages/naijavibes/naijaphotos)
2024-05-27 19:43:49.533 [pool-3-thread-1] INFO  com.rs.mv.mvvs.client.catalog.from.scan.CurrentPathScanner - [client:400205]scan file in current open file directory(C:/Users/Chuka/Desktop/projects/nextjs/acrossnig4/src/pages)
2024-05-27 19:45:05.346 [pool-3-thread-1] INFO  com.rs.mv.mvvs.client.catalog.from.scan.CurrentPathScanner - [client:400205]scan file in current open file directory(C:/Users/Chuka/Desktop/projects/nextjs/acrossnig4/src/pages/naijavibes/naijaphotos)
2024-05-27 19:45:16.604 [pool-3-thread-1] INFO  com.rs.mv.mvvs.client.catalog.from.scan.CurrentPathScanner - [client:400205]scan file in current open file directory(C:/Users/Chuka/Desktop/projects/nextjs/acrossnig4/src/pages/api/naijavibes)
2024-05-27 19:45:25.922 [pool-3-thread-1] INFO  com.rs.mv.mvvs.client.catalog.from.scan.CurrentPathScanner - [client:400205]scan file in current open file directory(C:/Users/Chuka/Desktop/projects/nextjs/acrossnig4/src/pages/naijavibes/naijaphotos)
2024-05-27 19:45:37.323 [pool-3-thread-1] INFO  com.rs.mv.mvvs.client.catalog.from.scan.CurrentPathScanner - [client:400205]scan file in current open file directory(C:/Users/Chuka/Desktop/projects/nextjs/acrossnig4/src/pages)
2024-05-27 19:46:12.579 [pool-3-thread-1] INFO  com.rs.mv.mvvs.client.catalog.from.scan.CurrentPathScanner - [client:400205]scan file in current open file directory(C:/Users/Chuka/Desktop/projects/nextjs/acrossnig4/src/pages/naijavibes/naijaphotos)
2024-05-27 19:46:28.065 [pool-3-thread-1] INFO  com.rs.mv.mvvs.client.catalog.from.scan.CurrentPathScanner - [client:400205]scan file in current open file directory(C:/Users/Chuka/Desktop/projects/nextjs/acrossnig4/src/pages/api)
2024-05-27 19:46:47.267 [pool-3-thread-1] INFO  com.rs.mv.mvvs.client.catalog.from.scan.CurrentPathScanner - [client:400205]scan file in current open file directory(C:/Users/Chuka/Desktop/projects/nextjs/acrossnig4/src/pages/naijavibes/naijaphotos)
2024-05-27 19:47:07.786 [pool-3-thread-1] INFO  com.rs.mv.mvvs.client.catalog.from.scan.CurrentPathScanner - [client:400205]scan file in current open file directory(C:/Users/Chuka/Desktop/projects/nextjs/acrossnig4/src/pages)
2024-05-27 19:48:44.663 [pool-3-thread-1] INFO  com.rs.mv.mvvs.client.catalog.from.scan.CurrentPathScanner - [client:400205]scan file in current open file directory(C:/Users/Chuka/Desktop/projects/nextjs/acrossnig4/src/pages/naijavibes/naijaphotos)
2024-05-27 19:49:07.507 [pool-3-thread-1] INFO  com.rs.mv.mvvs.client.catalog.from.scan.CurrentPathScanner - [client:400205]scan file in current open file directory(C:/Users/Chuka/Desktop/projects/nextjs/acrossnig4/src/pages)
2024-05-27 19:49:12.797 [pool-3-thread-1] INFO  com.rs.mv.mvvs.client.catalog.from.scan.CurrentPathScanner - [client:400205]scan file in current open file directory(C:/Users/Chuka/Desktop/projects/nextjs/acrossnig4/src/pages/naijavibes/naijaphotos)
2024-05-27 19:49:21.722 [pool-3-thread-1] INFO  com.rs.mv.mvvs.client.catalog.from.scan.CurrentPathScanner - [client:400205]scan file in current open file directory(C:/Users/Chuka/Desktop/projects/nextjs/acrossnig4/src/pages)
2024-05-27 19:56:02.202 [pool-3-thread-1] INFO  com.rs.mv.mvvs.client.catalog.from.scan.CurrentPathScanner - [client:400205]scan file in current open file directory(C:/Users/Chuka/Desktop/projects/nextjs/acrossnig4/src/pages/naijavibes/naijaphotos)
2024-05-27 19:56:22.604 [pool-3-thread-1] INFO  com.rs.mv.mvvs.client.catalog.from.scan.CurrentPathScanner - [client:400205]scan file in current open file directory(C:/Users/Chuka/Desktop/projects/nextjs/acrossnig4/src/pages)
2024-05-27 19:56:25.392 [pool-3-thread-1] INFO  com.rs.mv.mvvs.client.catalog.from.scan.CurrentPathScanner - [client:400205]scan file in current open file directory(C:/Users/Chuka/Desktop/projects/nextjs/acrossnig4/src/pages/naijavibes/naijaphotos)
2024-05-27 19:56:30.944 [pool-3-thread-1] INFO  com.rs.mv.mvvs.client.catalog.from.scan.CurrentPathScanner - [client:400205]scan file in current open file directory(C:/Users/Chuka/Desktop/projects/nextjs/acrossnig4/src/pages)
2024-05-27 19:56:35.392 [pool-3-thread-1] INFO  com.rs.mv.mvvs.client.catalog.from.scan.CurrentPathScanner - [client:400205]scan file in current open file directory(C:/Users/Chuka/Desktop/projects/nextjs/acrossnig4/src/pages/naijavibes/naijaphotos)
2024-05-27 19:56:45.165 [pool-3-thread-1] INFO  com.rs.mv.mvvs.client.catalog.from.scan.CurrentPathScanner - [client:400205]scan file in current open file directory(C:/Users/Chuka/Desktop/projects/nextjs/acrossnig4/src/models)
2024-05-27 19:57:00.460 [pool-3-thread-1] INFO  com.rs.mv.mvvs.client.catalog.from.scan.CurrentPathScanner - [client:400205]scan file in current open file directory(C:/Users/Chuka/Desktop/projects/nextjs/acrossnig4/src/pages/api)
2024-05-27 19:57:30.162 [pool-3-thread-1] INFO  com.rs.mv.mvvs.client.catalog.from.scan.CurrentPathScanner - [client:400205]scan file in current open file directory(C:/Users/Chuka/Desktop/projects/nextjs/acrossnig4/src/pages)
2024-05-27 19:57:33.424 [pool-3-thread-1] INFO  com.rs.mv.mvvs.client.catalog.from.scan.CurrentPathScanner - [client:400205]scan file in current open file directory(C:/Users/Chuka/Desktop/projects/nextjs/acrossnig4/src/pages/api)
2024-05-27 19:58:16.668 [pool-3-thread-1] INFO  com.rs.mv.mvvs.client.catalog.from.scan.CurrentPathScanner - [client:400205]scan file in current open file directory(C:/Users/Chuka/Desktop/projects/nextjs/acrossnig4/src/pages)
2024-05-27 20:01:01.818 [pool-3-thread-1] INFO  com.rs.mv.mvvs.client.catalog.from.scan.CurrentPathScanner - [client:400205]scan file in current open file directory(C:/Users/Chuka/Desktop/projects/nextjs/acrossnig4/src/pages/api)
2024-05-27 20:02:51.706 [pool-3-thread-1] INFO  com.rs.mv.mvvs.client.catalog.from.scan.CurrentPathScanner - [client:400205]scan file in current open file directory(C:/Users/Chuka/Desktop/projects/nextjs/acrossnig4/src/pages)
2024-05-27 20:03:50.834 [pool-3-thread-1] INFO  com.rs.mv.mvvs.client.catalog.from.scan.CurrentPathScanner - [client:400205]scan file in current open file directory(C:/Users/Chuka/Desktop/projects/nextjs/acrossnig4/src/pages/api)
2024-05-27 20:04:23.070 [pool-3-thread-1] INFO  com.rs.mv.mvvs.client.catalog.from.scan.CurrentPathScanner - [client:400205]scan file in current open file directory(C:/Users/Chuka/Desktop/projects/nextjs/acrossnig4/src/pages)
2024-05-27 20:05:40.889 [pool-3-thread-1] INFO  com.rs.mv.mvvs.client.catalog.from.scan.CurrentPathScanner - [client:400205]scan file in current open file directory(C:/Users/Chuka/Desktop/projects/nextjs/acrossnig4/src/pages/api)
2024-05-27 20:06:47.460 [pool-3-thread-1] INFO  com.rs.mv.mvvs.client.catalog.from.scan.CurrentPathScanner - [client:400205]scan file in current open file directory(C:/Users/Chuka/Desktop/projects/nextjs/acrossnig4/src/pages)
2024-05-27 20:12:15.863 [pool-3-thread-1] INFO  com.rs.mv.mvvs.client.catalog.from.scan.CurrentPathScanner - [client:400205]scan file in current open file directory(C:/Users/Chuka/Desktop/projects/nextjs/acrossnig4/src/pages/api)
2024-05-27 20:12:53.649 [pool-3-thread-1] INFO  com.rs.mv.mvvs.client.catalog.from.scan.CurrentPathScanner - [client:400205]scan file in current open file directory(C:/Users/Chuka/Desktop/projects/nextjs/acrossnig4/src/pages)
2024-05-27 20:14:03.876 [pool-3-thread-1] INFO  com.rs.mv.mvvs.client.catalog.from.scan.CurrentPathScanner - [client:400205]scan file in current open file directory(C:/Users/Chuka/Desktop/projects/nextjs/acrossnig4/src/pages/api)
2024-05-27 20:15:14.114 [pool-3-thread-1] INFO  com.rs.mv.mvvs.client.catalog.from.scan.CurrentPathScanner - [client:400205]scan file in current open file directory(C:/Users/Chuka/Desktop/projects/nextjs/acrossnig4/src/pages)
2024-05-27 20:15:31.646 [pool-3-thread-1] INFO  com.rs.mv.mvvs.client.catalog.from.scan.CurrentPathScanner - [client:400205]scan file in current open file directory(C:/Users/Chuka/Desktop/projects/nextjs/acrossnig4/utils)
2024-05-27 20:16:05.073 [pool-3-thread-1] INFO  com.rs.mv.mvvs.client.catalog.from.scan.CurrentPathScanner - [client:400205]scan file in current open file directory(C:/Users/Chuka/Desktop/projects/nextjs/acrossnig4/src/pages)
2024-05-27 20:18:51.521 [pool-3-thread-1] INFO  com.rs.mv.mvvs.client.catalog.from.scan.CurrentPathScanner - [client:400205]scan file in current open file directory(C:/Users/Chuka/Desktop/projects/nextjs/acrossnig4/utils)
2024-05-27 20:18:53.449 [pool-3-thread-1] INFO  com.rs.mv.mvvs.client.catalog.from.scan.CurrentPathScanner - [client:400205]scan file in current open file directory(C:/Users/Chuka/Desktop/projects/nextjs/acrossnig4/src/pages)
2024-05-27 20:18:57.390 [pool-3-thread-1] INFO  com.rs.mv.mvvs.client.catalog.from.scan.CurrentPathScanner - [client:400205]scan file in current open file directory(C:/Users/Chuka/Desktop/projects/nextjs/acrossnig4/src/pages/api)
2024-05-27 20:24:36.036 [pool-3-thread-1] INFO  com.rs.mv.mvvs.client.catalog.from.scan.CurrentPathScanner - [client:400205]scan file in current open file directory(C:/Users/Chuka/Desktop/projects/nextjs/acrossnig4/src/pages)
2024-05-27 20:29:47.360 [pool-3-thread-1] INFO  com.rs.mv.mvvs.client.catalog.from.scan.CurrentPathScanner - [client:400205]scan file in current open file directory(C:/Users/Chuka/Desktop/projects/nextjs/acrossnig4/src/pages/api)
2024-05-27 20:30:05.064 [pool-3-thread-1] INFO  com.rs.mv.mvvs.client.catalog.from.scan.CurrentPathScanner - [client:400205]scan file in current open file directory(C:/Users/Chuka/Desktop/projects/nextjs/acrossnig4/src/pages)
2024-05-27 20:33:26.543 [pool-3-thread-1] INFO  com.rs.mv.mvvs.client.catalog.from.scan.CurrentPathScanner - [client:400205]scan file in current open file directory(C:/Users/Chuka/Desktop/projects/nextjs/acrossnig4/src/pages/naijavibes/naijaphotos)
2024-05-27 20:33:47.632 [pool-3-thread-1] INFO  com.rs.mv.mvvs.client.catalog.from.scan.CurrentPathScanner - [client:400205]scan file in current open file directory(C:/Users/Chuka/Desktop/projects/nextjs/acrossnig4/node_modules/axios)
2024-05-27 20:33:50.040 [pool-3-thread-1] INFO  com.rs.mv.mvvs.client.catalog.from.scan.CurrentPathScanner - [client:400205]scan file in current open file directory(C:/Users/Chuka/Desktop/projects/nextjs/acrossnig4/src/pages/naijavibes/naijaphotos)
2024-05-27 20:35:25.847 [pool-3-thread-1] INFO  com.rs.mv.mvvs.client.catalog.from.scan.CurrentPathScanner - [client:400205]scan file in current open file directory(C:/Users/Chuka/Desktop/projects/nextjs/acrossnig4/src/pages)
2024-05-27 20:50:14.595 [pool-3-thread-1] INFO  com.rs.mv.mvvs.client.catalog.from.scan.CurrentPathScanner - [client:400205]scan file in current open file directory(C:/Users/Chuka/Desktop/projects/nextjs/acrossnig4/src/pages/api)
2024-05-27 20:53:21.156 [pool-3-thread-1] INFO  com.rs.mv.mvvs.client.catalog.from.scan.CurrentPathScanner - [client:400205]scan file in current open file directory(C:/Users/Chuka/Desktop/projects/nextjs/acrossnig4/src/pages)
2024-05-27 20:56:19.686 [pool-3-thread-1] INFO  com.rs.mv.mvvs.client.catalog.from.scan.CurrentPathScanner - [client:400205]scan file in current open file directory(C:/Users/Chuka/Desktop/projects/nextjs/acrossnig4/src/pages/api)
2024-05-27 22:48:40.796 [pool-3-thread-1] INFO  com.rs.mv.mvvs.client.catalog.from.scan.CurrentPathScanner - [client:400205]scan file in current open file directory(C:/Users/Chuka/Desktop/projects/nextjs/acrossnig4/src/pages)
2024-05-27 23:06:56.729 [pool-3-thread-1] INFO  com.rs.mv.mvvs.client.catalog.from.scan.CurrentPathScanner - [client:400205]scan file in current open file directory(C:/Users/Chuka/Desktop/projects/nextjs/acrossnig4/src/components)
2024-05-27 23:07:02.788 [pool-3-thread-1] INFO  com.rs.mv.mvvs.client.catalog.from.scan.CurrentPathScanner - [client:400205]scan file in current open file directory(C:/Users/Chuka/Desktop/projects/nextjs/acrossnig4/src/pages)
2024-05-27 23:07:18.207 [pool-3-thread-1] INFO  com.rs.mv.mvvs.client.catalog.from.scan.CurrentPathScanner - [client:400205]scan file in current open file directory(C:/Users/Chuka/Desktop/projects/nextjs/acrossnig4/src/pages/api)
2024-05-27 23:07:35.933 [pool-3-thread-1] INFO  com.rs.mv.mvvs.client.catalog.from.scan.CurrentPathScanner - [client:400205]scan file in current open file directory(C:/Users/Chuka/Desktop/projects/nextjs/acrossnig4/src/pages/api/mail)
2024-05-27 23:08:11.924 [pool-3-thread-1] INFO  com.rs.mv.mvvs.client.catalog.from.scan.CurrentPathScanner - [client:400205]scan file in current open file directory(C:/Users/Chuka/Desktop/projects/nextjs/acrossnig4/src/pages)
2024-05-27 23:08:57.269 [pool-3-thread-1] INFO  com.rs.mv.mvvs.client.catalog.from.scan.CurrentPathScanner - [client:400205]scan file in current open file directory(C:/Users/Chuka/Desktop/projects/nextjs/acrossnig4/src/pages/api/mail)
2024-05-27 23:09:21.029 [pool-3-thread-1] INFO  com.rs.mv.mvvs.client.catalog.from.scan.CurrentPathScanner - [client:400205]scan file in current open file directory(C:/Users/Chuka/Desktop/projects/nextjs/acrossnig4/src/pages)
2024-05-27 23:10:01.178 [pool-3-thread-1] INFO  com.rs.mv.mvvs.client.catalog.from.scan.CurrentPathScanner - [client:400205]scan file in current open file directory(C:/Users/Chuka/Desktop/projects/nextjs/acrossnig4/src/pages)
2024-05-27 23:10:09.558 [pool-3-thread-1] INFO  com.rs.mv.mvvs.client.catalog.from.scan.CurrentPathScanner - [client:400205]scan file in current open file directory(C:/Users/Chuka/Desktop/projects/nextjs/acrossnig4/src/pages)
2024-05-27 23:10:21.604 [pool-3-thread-1] INFO  com.rs.mv.mvvs.client.catalog.from.scan.CurrentPathScanner - [client:400205]scan file in current open file directory(C:/Users/Chuka/Desktop/projects/nextjs/acrossnig4/src/pages)
2024-05-27 23:10:24.996 [pool-3-thread-1] INFO  com.rs.mv.mvvs.client.catalog.from.scan.CurrentPathScanner - [client:400205]scan file in current open file directory(C:/Users/Chuka/Desktop/projects/nextjs/acrossnig4/src/pages)
2024-05-27 23:10:29.336 [pool-3-thread-1] INFO  com.rs.mv.mvvs.client.catalog.from.scan.CurrentPathScanner - [client:400205]scan file in current open file directory(C:/Users/Chuka/Desktop/projects/nextjs/acrossnig4/src/pages)
2024-05-27 23:11:09.893 [pool-3-thread-1] INFO  com.rs.mv.mvvs.client.catalog.from.scan.CurrentPathScanner - [client:400205]scan file in current open file directory(C:/Users/Chuka/Desktop/projects/nextjs/acrossnig4/src/pages)
2024-05-27 23:11:19.733 [pool-3-thread-1] INFO  com.rs.mv.mvvs.client.catalog.from.scan.CurrentPathScanner - [client:400205]scan file in current open file directory(C:/Users/Chuka/Desktop/projects/nextjs/acrossnig4/src/pages)
2024-05-27 23:11:21.372 [pool-3-thread-1] INFO  com.rs.mv.mvvs.client.catalog.from.scan.CurrentPathScanner - [client:400205]scan file in current open file directory(C:/Users/Chuka/Desktop/projects/nextjs/acrossnig4/src/pages)
2024-05-27 23:12:00.342 [pool-3-thread-1] INFO  com.rs.mv.mvvs.client.catalog.from.scan.CurrentPathScanner - [client:400205]scan file in current open file directory(C:/Users/Chuka/Desktop/projects/nextjs/acrossnig4/src/pages)
2024-05-27 23:12:05.105 [pool-3-thread-1] INFO  com.rs.mv.mvvs.client.catalog.from.scan.CurrentPathScanner - [client:400205]scan file in current open file directory(C:/Users/Chuka/Desktop/projects/nextjs/acrossnig4/src/pages)
2024-05-27 23:12:55.348 [pool-3-thread-1] INFO  com.rs.mv.mvvs.client.catalog.from.scan.CurrentPathScanner - [client:400205]scan file in current open file directory(C:/Users/Chuka/Desktop/projects/nextjs/acrossnig4/src/pages)
2024-05-27 23:13:14.186 [pool-3-thread-1] INFO  com.rs.mv.mvvs.client.catalog.from.scan.CurrentPathScanner - [client:400205]scan file in current open file directory(C:/Users/Chuka/Desktop/projects/nextjs/acrossnig4/src/pages/api)
2024-05-27 23:13:16.137 [pool-3-thread-1] INFO  com.rs.mv.mvvs.client.catalog.from.scan.CurrentPathScanner - [client:400205]scan file in current open file directory(C:/Users/Chuka/Desktop/projects/nextjs/acrossnig4/src/pages/api/mail)
2024-05-27 23:13:18.625 [pool-3-thread-1] INFO  com.rs.mv.mvvs.client.catalog.from.scan.CurrentPathScanner - [client:400205]scan file in current open file directory(C:/Users/Chuka/Desktop/projects/nextjs/acrossnig4/src/pages)
