2024-05-18 15:39:25.314 [pool-3-thread-1] INFO  com.rs.mv.mvvs.client.catalog.from.scan.CurrentPathScanner - [client:400205]scan file in current open file directory(C:/Users/Chuka/Desktop/projects/nextjs/acrossnig4/src/pages/naijavibes)
2024-05-18 15:47:41.817 [pool-3-thread-1] INFO  com.rs.mv.mvvs.client.catalog.from.scan.CurrentPathScanner - [client:400205]scan file in current open file directory(C:/Users/Chuka/Desktop/projects/nextjs/acrossnig4/src/pages/naijavibes/naijaphotos)
2024-05-18 15:50:08.114 [pool-3-thread-1] INFO  com.rs.mv.mvvs.client.catalog.from.scan.CurrentPathScanner - [client:400205]scan file in current open file directory(C:/Users/Chuka/Desktop/projects/nextjs/acrossnig4/src/pages/naijavibes)
2024-05-18 15:51:59.488 [pool-3-thread-1] INFO  com.rs.mv.mvvs.client.catalog.from.scan.CurrentPathScanner - [client:400205]scan file in current open file directory(C:/Users/Chuka/Desktop/projects/nextjs/acrossnig4/src/pages/shoutout)
2024-05-18 15:52:11.166 [pool-3-thread-1] INFO  com.rs.mv.mvvs.client.catalog.from.scan.CurrentPathScanner - [client:400205]scan file in current open file directory(C:/Users/Chuka/Desktop/projects/nextjs/acrossnig4/src/pages/api/naijavibes)
2024-05-18 15:52:42.670 [pool-3-thread-1] INFO  com.rs.mv.mvvs.client.catalog.from.scan.CurrentPathScanner - [client:400205]scan file in current open file directory(C:/Users/Chuka/Desktop/projects/nextjs/acrossnig4/src/pages/api)
2024-05-18 15:52:54.325 [pool-3-thread-1] INFO  com.rs.mv.mvvs.client.catalog.from.scan.CurrentPathScanner - [client:400205]scan file in current open file directory(C:/Users/Chuka/Desktop/projects/nextjs/acrossnig4/src/pages/api/naijavibes)
2024-05-18 15:53:03.022 [pool-3-thread-1] INFO  com.rs.mv.mvvs.client.catalog.from.scan.CurrentPathScanner - [client:400205]scan file in current open file directory(C:/Users/Chuka/Desktop/projects/nextjs/acrossnig4/src/pages/api)
2024-05-18 15:53:24.664 [pool-3-thread-1] INFO  com.rs.mv.mvvs.client.catalog.from.scan.CurrentPathScanner - [client:400205]scan file in current open file directory(C:/Users/Chuka/Desktop/projects/nextjs/acrossnig4/src/pages/api/naijavibes)
2024-05-18 15:53:26.356 [pool-3-thread-1] INFO  com.rs.mv.mvvs.client.catalog.from.scan.CurrentPathScanner - [client:400205]scan file in current open file directory(C:/Users/Chuka/Desktop/projects/nextjs/acrossnig4/src/pages/api/naijavibes)
2024-05-18 15:53:31.518 [pool-3-thread-1] INFO  com.rs.mv.mvvs.client.catalog.from.scan.CurrentPathScanner - [client:400205]scan file in current open file directory(C:/Users/Chuka/Desktop/projects/nextjs/acrossnig4/src/pages/api)
2024-05-18 15:53:46.879 [pool-3-thread-1] INFO  com.rs.mv.mvvs.client.catalog.from.scan.CurrentPathScanner - [client:400205]scan file in current open file directory(C:/Users/Chuka/Desktop/projects/nextjs/acrossnig4/src/pages/api/naijavibes)
2024-05-18 15:54:01.967 [pool-3-thread-1] INFO  com.rs.mv.mvvs.client.catalog.from.scan.CurrentPathScanner - [client:400205]scan file in current open file directory(C:/Users/Chuka/Desktop/projects/nextjs/acrossnig4/src/pages/api)
2024-05-18 15:54:07.372 [pool-3-thread-1] INFO  com.rs.mv.mvvs.client.catalog.from.scan.CurrentPathScanner - [client:400205]scan file in current open file directory(C:/Users/Chuka/Desktop/projects/nextjs/acrossnig4/src/pages/api/naijavibes)
2024-05-18 15:54:20.940 [pool-3-thread-1] INFO  com.rs.mv.mvvs.client.catalog.from.scan.CurrentPathScanner - [client:400205]scan file in current open file directory(C:/Users/Chuka/Desktop/projects/nextjs/acrossnig4/src/pages/api)
2024-05-18 15:54:33.464 [pool-3-thread-1] INFO  com.rs.mv.mvvs.client.catalog.from.scan.CurrentPathScanner - [client:400205]scan file in current open file directory(C:/Users/Chuka/Desktop/projects/nextjs/acrossnig4/src/pages/api/naijavibes)
2024-05-18 15:55:01.915 [pool-3-thread-1] INFO  com.rs.mv.mvvs.client.catalog.from.scan.CurrentPathScanner - [client:400205]scan file in current open file directory(C:/Users/Chuka/Desktop/projects/nextjs/acrossnig4/src/models)
2024-05-18 15:55:12.110 [pool-3-thread-1] INFO  com.rs.mv.mvvs.client.catalog.from.scan.CurrentPathScanner - [client:400205]scan file in current open file directory(C:/Users/Chuka/Desktop/projects/nextjs/acrossnig4/src/pages/api/naijavibes)
2024-05-18 15:59:20.900 [pool-3-thread-1] INFO  com.rs.mv.mvvs.client.catalog.from.scan.CurrentPathScanner - [client:400205]scan file in current open file directory(C:/Users/Chuka/Desktop/projects/nextjs/acrossnig4/src/models)
2024-05-18 15:59:25.289 [pool-3-thread-1] INFO  com.rs.mv.mvvs.client.catalog.from.scan.CurrentPathScanner - [client:400205]scan file in current open file directory(C:/Users/Chuka/Desktop/projects/nextjs/acrossnig4/src/pages/api/naijavibes)
2024-05-18 15:59:44.675 [pool-3-thread-1] INFO  com.rs.mv.mvvs.client.catalog.from.scan.CurrentPathScanner - [client:400205]scan file in current open file directory(C:/Users/Chuka/Desktop/projects/nextjs/acrossnig4/src/pages/api)
2024-05-18 16:00:20.745 [pool-3-thread-1] INFO  com.rs.mv.mvvs.client.catalog.from.scan.CurrentPathScanner - [client:400205]scan file in current open file directory(C:/Users/Chuka/Desktop/projects/nextjs/acrossnig4/src/pages/api/naijavibes)
2024-05-18 16:08:03.930 [pool-3-thread-1] INFO  com.rs.mv.mvvs.client.catalog.from.scan.CurrentPathScanner - [client:400205]scan file in current open file directory(C:/Users/Chuka/Desktop/projects/nextjs/acrossnig4/src/pages/api)
2024-05-18 16:08:29.381 [pool-3-thread-1] INFO  com.rs.mv.mvvs.client.catalog.from.scan.CurrentPathScanner - [client:400205]scan file in current open file directory(C:/Users/Chuka/Desktop/projects/nextjs/acrossnig4/src/pages/api/naijavibes)
2024-05-18 16:08:38.085 [pool-3-thread-1] INFO  com.rs.mv.mvvs.client.catalog.from.scan.CurrentPathScanner - [client:400205]scan file in current open file directory(C:/Users/Chuka/Desktop/projects/nextjs/acrossnig4/src/pages/api)
2024-05-18 16:08:41.931 [pool-3-thread-1] INFO  com.rs.mv.mvvs.client.catalog.from.scan.CurrentPathScanner - [client:400205]scan file in current open file directory(C:/Users/Chuka/Desktop/projects/nextjs/acrossnig4/src/pages/api/naijavibes)
2024-05-18 16:08:46.464 [pool-3-thread-1] INFO  com.rs.mv.mvvs.client.catalog.from.scan.CurrentPathScanner - [client:400205]scan file in current open file directory(C:/Users/Chuka/Desktop/projects/nextjs/acrossnig4/src/pages/api)
2024-05-18 16:08:58.355 [pool-3-thread-1] INFO  com.rs.mv.mvvs.client.catalog.from.scan.CurrentPathScanner - [client:400205]scan file in current open file directory(C:/Users/Chuka/Desktop/projects/nextjs/acrossnig4/src/pages/api/naijavibes)
2024-05-18 16:49:44.184 [pool-3-thread-1] INFO  com.rs.mv.mvvs.client.catalog.from.scan.CurrentPathScanner - [client:400205]scan file in current open file directory(C:/Users/Chuka/Desktop/projects/nextjs/acrossnig4/src/pages/api)
2024-05-18 16:50:01.940 [pool-3-thread-1] INFO  com.rs.mv.mvvs.client.catalog.from.scan.CurrentPathScanner - [client:400205]scan file in current open file directory(C:/Users/Chuka/Desktop/projects/nextjs/acrossnig4/src/pages/api/naijavibes)
2024-05-18 16:50:23.050 [pool-3-thread-1] INFO  com.rs.mv.mvvs.client.catalog.from.scan.CurrentPathScanner - [client:400205]scan file in current open file directory(C:/Users/Chuka/Desktop/projects/nextjs/acrossnig4/src/pages/api)
2024-05-18 16:50:39.512 [pool-3-thread-1] INFO  com.rs.mv.mvvs.client.catalog.from.scan.CurrentPathScanner - [client:400205]scan file in current open file directory(C:/Users/Chuka/Desktop/projects/nextjs/acrossnig4/src/pages/api/naijavibes)
2024-05-18 16:51:01.562 [pool-3-thread-1] INFO  com.rs.mv.mvvs.client.catalog.from.scan.CurrentPathScanner - [client:400205]scan file in current open file directory(C:/Users/Chuka/Desktop/projects/nextjs/acrossnig4/src/pages/api)
2024-05-18 16:51:15.390 [pool-3-thread-1] INFO  com.rs.mv.mvvs.client.catalog.from.scan.CurrentPathScanner - [client:400205]scan file in current open file directory(C:/Users/Chuka/Desktop/projects/nextjs/acrossnig4/src/pages/api/naijavibes)
2024-05-18 16:51:36.024 [pool-3-thread-1] INFO  com.rs.mv.mvvs.client.catalog.from.scan.CurrentPathScanner - [client:400205]scan file in current open file directory(C:/Users/Chuka/Desktop/projects/nextjs/acrossnig4/src/pages/api)
2024-05-18 16:51:49.217 [pool-3-thread-1] INFO  com.rs.mv.mvvs.client.catalog.from.scan.CurrentPathScanner - [client:400205]scan file in current open file directory(C:/Users/Chuka/Desktop/projects/nextjs/acrossnig4/src/pages/api/naijavibes)
2024-05-18 16:52:15.750 [pool-3-thread-1] INFO  com.rs.mv.mvvs.client.catalog.from.scan.CurrentPathScanner - [client:400205]scan file in current open file directory(C:/Users/Chuka/Desktop/projects/nextjs/acrossnig4/src/pages/api)
2024-05-18 16:52:23.612 [pool-3-thread-1] INFO  com.rs.mv.mvvs.client.catalog.from.scan.CurrentPathScanner - [client:400205]scan file in current open file directory(C:/Users/Chuka/Desktop/projects/nextjs/acrossnig4/src/pages/api/naijavibes)
2024-05-18 16:52:59.779 [pool-3-thread-1] INFO  com.rs.mv.mvvs.client.catalog.from.scan.CurrentPathScanner - [client:400205]scan file in current open file directory(C:/Users/Chuka/Desktop/projects/nextjs/acrossnig4/src/pages/api)
2024-05-18 16:53:09.909 [pool-3-thread-1] INFO  com.rs.mv.mvvs.client.catalog.from.scan.CurrentPathScanner - [client:400205]scan file in current open file directory(C:/Users/Chuka/Desktop/projects/nextjs/acrossnig4/src/pages/api/naijavibes)
2024-05-18 16:53:11.282 [pool-3-thread-1] INFO  com.rs.mv.mvvs.client.catalog.from.scan.CurrentPathScanner - [client:400205]scan file in current open file directory(C:/Users/Chuka/Desktop/projects/nextjs/acrossnig4/src/pages/api)
2024-05-18 16:53:15.726 [pool-3-thread-1] INFO  com.rs.mv.mvvs.client.catalog.from.scan.CurrentPathScanner - [client:400205]scan file in current open file directory(C:/Users/Chuka/Desktop/projects/nextjs/acrossnig4/src/pages/api/naijavibes)
2024-05-18 16:56:33.327 [pool-3-thread-1] INFO  com.rs.mv.mvvs.client.catalog.from.scan.CurrentPathScanner - [client:400205]scan file in current open file directory(C:/Users/Chuka/Desktop/projects/nextjs/acrossnig4/src/pages/naijavibes)
2024-05-18 17:00:29.747 [pool-3-thread-1] INFO  com.rs.mv.mvvs.client.catalog.from.scan.CurrentPathScanner - [client:400205]scan file in current open file directory(C:/Users/Chuka/Desktop/projects/nextjs/acrossnig4/src/pages/api/naijavibes)
2024-05-18 17:03:30.819 [pool-3-thread-1] INFO  com.rs.mv.mvvs.client.catalog.from.scan.CurrentPathScanner - [client:400205]scan file in current open file directory(C:/Users/Chuka/Desktop/projects/nextjs/acrossnig4/src/pages/api)
2024-05-18 17:03:32.570 [pool-3-thread-1] INFO  com.rs.mv.mvvs.client.catalog.from.scan.CurrentPathScanner - [client:400205]scan file in current open file directory(C:/Users/Chuka/Desktop/projects/nextjs/acrossnig4/src/pages/api/naijavibes)
2024-05-18 17:03:41.511 [pool-3-thread-1] INFO  com.rs.mv.mvvs.client.catalog.from.scan.CurrentPathScanner - [client:400205]scan file in current open file directory(C:/Users/Chuka/Desktop/projects/nextjs/acrossnig4/src/pages/shoutout)
2024-05-18 17:04:00.360 [pool-3-thread-1] INFO  com.rs.mv.mvvs.client.catalog.from.scan.CurrentPathScanner - [client:400205]scan file in current open file directory(C:/Users/Chuka/Desktop/projects/nextjs/acrossnig4/src/pages)
2024-05-18 17:04:12.719 [pool-3-thread-1] INFO  com.rs.mv.mvvs.client.catalog.from.scan.CurrentPathScanner - [client:400205]scan file in current open file directory(C:/Users/Chuka/Desktop/projects/nextjs/acrossnig4/src/pages/naijavibes)
2024-05-18 17:04:13.499 [pool-3-thread-1] INFO  com.rs.mv.mvvs.client.catalog.from.scan.CurrentPathScanner - [client:400205]scan file in current open file directory(C:/Users/Chuka/Desktop/projects/nextjs/acrossnig4/src/pages/naijavibes)
2024-05-18 17:50:14.429 [pool-3-thread-1] INFO  com.rs.mv.mvvs.client.catalog.from.scan.CurrentPathScanner - [client:400205]scan file in current open file directory(C:/Users/Chuka/Desktop/projects/nextjs/acrossnig4/src/pages/naijavibes)
2024-05-18 17:59:45.864 [pool-3-thread-1] INFO  com.rs.mv.mvvs.client.catalog.from.scan.CurrentPathScanner - [client:400205]scan file in current open file directory(C:/Users/Chuka/Desktop/projects/nextjs/acrossnig4/src/pages/api/naijavibes)
2024-05-18 17:59:54.078 [pool-3-thread-1] INFO  com.rs.mv.mvvs.client.catalog.from.scan.CurrentPathScanner - [client:400205]scan file in current open file directory(C:/Users/Chuka/Desktop/projects/nextjs/acrossnig4/src/models)
2024-05-18 18:00:26.593 [pool-3-thread-1] INFO  com.rs.mv.mvvs.client.catalog.from.scan.CurrentPathScanner - [client:400205]scan file in current open file directory(C:/Users/Chuka/Desktop/projects/nextjs/acrossnig4/src/pages/api)
2024-05-18 18:00:32.952 [pool-3-thread-1] INFO  com.rs.mv.mvvs.client.catalog.from.scan.CurrentPathScanner - [client:400205]scan file in current open file directory(C:/Users/Chuka/Desktop/projects/nextjs/acrossnig4/src/pages/api/naijavibes)
2024-05-18 18:00:37.976 [pool-3-thread-1] INFO  com.rs.mv.mvvs.client.catalog.from.scan.CurrentPathScanner - [client:400205]scan file in current open file directory(C:/Users/Chuka/Desktop/projects/nextjs/acrossnig4/src/pages/api/naijavibes)
2024-05-18 18:00:47.915 [pool-3-thread-1] INFO  com.rs.mv.mvvs.client.catalog.from.scan.CurrentPathScanner - [client:400205]scan file in current open file directory(C:/Users/Chuka/Desktop/projects/nextjs/acrossnig4/src/pages/api/naijavibes)
2024-05-18 18:00:49.357 [pool-3-thread-1] INFO  com.rs.mv.mvvs.client.catalog.from.scan.CurrentPathScanner - [client:400205]scan file in current open file directory(C:/Users/Chuka/Desktop/projects/nextjs/acrossnig4/src/pages/api)
2024-05-18 18:00:55.937 [pool-3-thread-1] INFO  com.rs.mv.mvvs.client.catalog.from.scan.CurrentPathScanner - [client:400205]scan file in current open file directory(C:/Users/Chuka/Desktop/projects/nextjs/acrossnig4/src/pages/api)
2024-05-18 18:01:00.587 [pool-3-thread-1] INFO  com.rs.mv.mvvs.client.catalog.from.scan.CurrentPathScanner - [client:400205]scan file in current open file directory(C:/Users/Chuka/Desktop/projects/nextjs/acrossnig4/src/pages/api)
2024-05-18 18:01:04.180 [pool-3-thread-1] INFO  com.rs.mv.mvvs.client.catalog.from.scan.CurrentPathScanner - [client:400205]scan file in current open file directory(C:/Users/Chuka/Desktop/projects/nextjs/acrossnig4/src/pages/api)
2024-05-18 18:01:47.729 [pool-3-thread-1] INFO  com.rs.mv.mvvs.client.catalog.from.scan.CurrentPathScanner - [client:400205]scan file in current open file directory(C:/Users/Chuka/Desktop/projects/nextjs/acrossnig4/src/pages/api/naijavibes)
2024-05-18 18:02:06.721 [pool-3-thread-1] INFO  com.rs.mv.mvvs.client.catalog.from.scan.CurrentPathScanner - [client:400205]scan file in current open file directory(C:/Users/Chuka/Desktop/projects/nextjs/acrossnig4/src/pages/naijavibes/naijaphotos)
2024-05-18 18:03:49.813 [pool-3-thread-1] INFO  com.rs.mv.mvvs.client.catalog.from.scan.CurrentPathScanner - [client:400205]scan file in current open file directory(C:/Users/Chuka/Desktop/projects/nextjs/acrossnig4/src/pages/api/naijavibes)
2024-05-18 18:04:08.736 [pool-3-thread-1] INFO  com.rs.mv.mvvs.client.catalog.from.scan.CurrentPathScanner - [client:400205]scan file in current open file directory(C:/Users/Chuka/Desktop/projects/nextjs/acrossnig4/src/pages/api/naijavibes)
2024-05-18 18:04:21.321 [pool-3-thread-1] INFO  com.rs.mv.mvvs.client.catalog.from.scan.CurrentPathScanner - [client:400205]scan file in current open file directory(C:/Users/Chuka/Desktop/projects/nextjs/acrossnig4/src/pages/naijavibes/naijaphotos)
2024-05-18 18:05:09.870 [pool-3-thread-1] INFO  com.rs.mv.mvvs.client.catalog.from.scan.CurrentPathScanner - [client:400205]scan file in current open file directory(C:/Users/Chuka/Desktop/projects/nextjs/acrossnig4/src/pages/naijavibes)
2024-05-18 18:05:28.368 [pool-3-thread-1] INFO  com.rs.mv.mvvs.client.catalog.from.scan.CurrentPathScanner - [client:400205]scan file in current open file directory(C:/Users/Chuka/Desktop/projects/nextjs/acrossnig4/src/pages/naijavibes/naijaphotos)
2024-05-18 18:05:32.524 [pool-3-thread-1] INFO  com.rs.mv.mvvs.client.catalog.from.scan.CurrentPathScanner - [client:400205]scan file in current open file directory(C:/Users/Chuka/Desktop/projects/nextjs/acrossnig4/src/pages/api/naijavibes)
2024-05-18 18:05:47.800 [pool-3-thread-1] INFO  com.rs.mv.mvvs.client.catalog.from.scan.CurrentPathScanner - [client:400205]scan file in current open file directory(C:/Users/Chuka/Desktop/projects/nextjs/acrossnig4/src/pages/api/naijavibes)
2024-05-18 18:05:49.873 [pool-3-thread-1] INFO  com.rs.mv.mvvs.client.catalog.from.scan.CurrentPathScanner - [client:400205]scan file in current open file directory(C:/Users/Chuka/Desktop/projects/nextjs/acrossnig4/src/pages/api/naijavibes)
2024-05-18 18:06:07.921 [pool-3-thread-1] INFO  com.rs.mv.mvvs.client.catalog.from.scan.CurrentPathScanner - [client:400205]scan file in current open file directory(C:/Users/Chuka/Desktop/projects/nextjs/acrossnig4/src/pages/naijavibes/naijaphotos)
2024-05-18 18:06:19.421 [pool-3-thread-1] INFO  com.rs.mv.mvvs.client.catalog.from.scan.CurrentPathScanner - [client:400205]scan file in current open file directory(C:/Users/Chuka/Desktop/projects/nextjs/acrossnig4/src/pages/naijavibes/naijaphotos)
2024-05-18 18:06:28.225 [pool-3-thread-1] INFO  com.rs.mv.mvvs.client.catalog.from.scan.CurrentPathScanner - [client:400205]scan file in current open file directory(C:/Users/Chuka/Desktop/projects/nextjs/acrossnig4/src/pages/naijavibes)
2024-05-18 18:06:37.050 [pool-3-thread-1] INFO  com.rs.mv.mvvs.client.catalog.from.scan.CurrentPathScanner - [client:400205]scan file in current open file directory(C:/Users/Chuka/Desktop/projects/nextjs/acrossnig4/src/pages/naijavibes)
2024-05-18 18:07:36.596 [pool-3-thread-1] INFO  com.rs.mv.mvvs.client.catalog.from.scan.CurrentPathScanner - [client:400205]scan file in current open file directory(C:/Users/Chuka/Desktop/projects/nextjs/acrossnig4/src/pages/naijavibes)
2024-05-18 18:07:56.852 [pool-3-thread-1] INFO  com.rs.mv.mvvs.client.catalog.from.scan.CurrentPathScanner - [client:400205]scan file in current open file directory(C:/Users/Chuka/Desktop/projects/nextjs/acrossnig4/src/pages/naijavibes/naijaphotos)
2024-05-18 18:08:37.674 [pool-3-thread-1] INFO  com.rs.mv.mvvs.client.catalog.from.scan.CurrentPathScanner - [client:400205]scan file in current open file directory(C:/Users/Chuka/Desktop/projects/nextjs/acrossnig4/src/pages/naijavibes)
2024-05-18 18:09:26.701 [pool-3-thread-1] INFO  com.rs.mv.mvvs.client.catalog.from.scan.CurrentPathScanner - [client:400205]scan file in current open file directory(C:/Users/Chuka/Desktop/projects/nextjs/acrossnig4/src/pages/naijavibes/naijaphotos)
2024-05-18 18:09:29.992 [pool-3-thread-1] INFO  com.rs.mv.mvvs.client.catalog.from.scan.CurrentPathScanner - [client:400205]scan file in current open file directory(C:/Users/Chuka/Desktop/projects/nextjs/acrossnig4/src/pages/naijavibes)
2024-05-18 18:09:47.803 [pool-3-thread-1] INFO  com.rs.mv.mvvs.client.catalog.from.scan.CurrentPathScanner - [client:400205]scan file in current open file directory(C:/Users/Chuka/Desktop/projects/nextjs/acrossnig4/src/pages)
2024-05-18 18:14:40.892 [pool-3-thread-1] INFO  com.rs.mv.mvvs.client.catalog.from.scan.CurrentPathScanner - [client:400205]scan file in current open file directory(C:/Users/Chuka/Desktop/projects/nextjs/acrossnig4/src/pages)
2024-05-18 18:15:32.301 [pool-3-thread-1] INFO  com.rs.mv.mvvs.client.catalog.from.scan.CurrentPathScanner - [client:400205]scan file in current open file directory(C:/Users/Chuka/Desktop/projects/nextjs/acrossnig4/src/pages/naijavibes/naijaphotos)
2024-05-18 18:15:34.676 [pool-3-thread-1] INFO  com.rs.mv.mvvs.client.catalog.from.scan.CurrentPathScanner - [client:400205]scan file in current open file directory(C:/Users/Chuka/Desktop/projects/nextjs/acrossnig4/src/pages/naijavibes)
2024-05-18 18:39:56.181 [pool-3-thread-1] INFO  com.rs.mv.mvvs.client.catalog.from.scan.CurrentPathScanner - [client:400205]scan file in current open file directory(C:/Users/Chuka/Desktop/projects/nextjs/acrossnig4/src/components)
