2024-05-03 00:15:52.086 [pool-3-thread-1] INFO  com.rs.mv.mvvs.client.catalog.from.scan.CurrentPathScanner - [client:400205]scan file in current open file directory(C:/Users/Chuka/Desktop/projects/nextjs/acrossnig4/src/components)
2024-05-03 00:15:55.908 [pool-3-thread-1] INFO  com.rs.mv.mvvs.client.catalog.from.scan.CurrentPathScanner - [client:400205]scan file in current open file directory(C:/Users/Chuka/Desktop/projects/nextjs/acrossnig4/src/components)
2024-05-03 00:15:59.497 [pool-3-thread-1] INFO  com.rs.mv.mvvs.client.catalog.from.scan.CurrentPathScanner - [client:400205]scan file in current open file directory(C:/Users/Chuka/Desktop/projects/nextjs/acrossnig4/src/components)
2024-05-03 00:16:13.250 [pool-3-thread-1] INFO  com.rs.mv.mvvs.client.catalog.from.scan.CurrentPathScanner - [client:400205]scan file in current open file directory(C:/Users/Chuka/Desktop/projects/nextjs/acrossnig4/src/components)
2024-05-03 00:18:30.846 [pool-3-thread-1] INFO  com.rs.mv.mvvs.client.catalog.from.scan.CurrentPathScanner - [client:400205]scan file in current open file directory(C:/Users/Chuka/Desktop/projects/nextjs/acrossnig4/src/components)
2024-05-03 00:19:25.318 [pool-3-thread-1] INFO  com.rs.mv.mvvs.client.catalog.from.scan.CurrentPathScanner - [client:400205]scan file in current open file directory(C:/Users/Chuka/Desktop/projects/nextjs/acrossnig4/src/components)
2024-05-03 00:21:37.722 [pool-3-thread-1] INFO  com.rs.mv.mvvs.client.catalog.from.scan.CurrentPathScanner - [client:400205]scan file in current open file directory(C:/Users/Chuka/Desktop/projects/nextjs/acrossnig4/src/components)
2024-05-03 00:21:53.019 [pool-3-thread-1] INFO  com.rs.mv.mvvs.client.catalog.from.scan.CurrentPathScanner - [client:400205]scan file in current open file directory(C:/Users/Chuka/Desktop/projects/nextjs/acrossnig4/src/components)
2024-05-03 00:21:56.463 [pool-3-thread-1] INFO  com.rs.mv.mvvs.client.catalog.from.scan.CurrentPathScanner - [client:400205]scan file in current open file directory(C:/Users/Chuka/Desktop/projects/nextjs/acrossnig4/src/components)
2024-05-03 00:22:36.970 [pool-3-thread-1] INFO  com.rs.mv.mvvs.client.catalog.from.scan.CurrentPathScanner - [client:400205]scan file in current open file directory(C:/Users/Chuka/Desktop/projects/nextjs/acrossnig4/src/components)
2024-05-03 00:22:40.514 [pool-3-thread-1] INFO  com.rs.mv.mvvs.client.catalog.from.scan.CurrentPathScanner - [client:400205]scan file in current open file directory(C:/Users/Chuka/Desktop/projects/nextjs/acrossnig4/src/components)
2024-05-03 00:23:02.580 [pool-3-thread-1] INFO  com.rs.mv.mvvs.client.catalog.from.scan.CurrentPathScanner - [client:400205]scan file in current open file directory(C:/Users/Chuka/Desktop/projects/nextjs/acrossnig4/src/components)
2024-05-03 00:25:27.964 [pool-3-thread-1] INFO  com.rs.mv.mvvs.client.catalog.from.scan.CurrentPathScanner - [client:400205]scan file in current open file directory(C:/Users/Chuka/Desktop/projects/nextjs/acrossnig4/src/components)
2024-05-03 00:26:35.535 [pool-3-thread-1] INFO  com.rs.mv.mvvs.client.catalog.from.scan.CurrentPathScanner - [client:400205]scan file in current open file directory(C:/Users/Chuka/Desktop/projects/nextjs/acrossnig4/src/components)
2024-05-03 00:26:42.569 [pool-3-thread-1] INFO  com.rs.mv.mvvs.client.catalog.from.scan.CurrentPathScanner - [client:400205]scan file in current open file directory(C:/Users/Chuka/Desktop/projects/nextjs/acrossnig4/src/components)
2024-05-03 00:27:00.341 [pool-3-thread-1] INFO  com.rs.mv.mvvs.client.catalog.from.scan.CurrentPathScanner - [client:400205]scan file in current open file directory(C:/Users/Chuka/Desktop/projects/nextjs/acrossnig4/src/components)
2024-05-03 00:27:08.278 [pool-3-thread-1] INFO  com.rs.mv.mvvs.client.catalog.from.scan.CurrentPathScanner - [client:400205]scan file in current open file directory(C:/Users/Chuka/Desktop/projects/nextjs/acrossnig4/src/components)
2024-05-03 00:28:27.754 [pool-3-thread-1] INFO  com.rs.mv.mvvs.client.catalog.from.scan.CurrentPathScanner - [client:400205]scan file in current open file directory(C:/Users/Chuka/Desktop/projects/nextjs/acrossnig4/src/components)
2024-05-03 00:28:45.046 [pool-3-thread-1] INFO  com.rs.mv.mvvs.client.catalog.from.scan.CurrentPathScanner - [client:400205]scan file in current open file directory(C:/Users/Chuka/Desktop/projects/nextjs/acrossnig4/src/components)
2024-05-03 00:32:55.057 [pool-3-thread-1] INFO  com.rs.mv.mvvs.client.catalog.from.scan.CurrentPathScanner - [client:400205]scan file in current open file directory(C:/Users/Chuka/Desktop/projects/nextjs/acrossnig4/src/pages/api/naijavibes)
2024-05-03 05:49:19.787 [pool-3-thread-1] INFO  com.rs.mv.mvvs.client.catalog.from.scan.CurrentPathScanner - [client:400205]scan file in current open file directory(C:/Users/Chuka/Desktop/projects/nextjs/acrossnig4/src/pages/api/naijavibes)
2024-05-03 05:50:13.215 [pool-3-thread-1] INFO  com.rs.mv.mvvs.client.catalog.from.scan.CurrentPathScanner - [client:400205]scan file in current open file directory(C:/Users/Chuka/Desktop/projects/nextjs/acrossnig4/src/pages/api/naijavibes)
2024-05-03 05:50:43.343 [pool-3-thread-1] INFO  com.rs.mv.mvvs.client.catalog.from.scan.CurrentPathScanner - [client:400205]scan file in current open file directory(C:/Users/Chuka/Desktop/projects/nextjs/acrossnig4/src/pages/api/naijavibes)
2024-05-03 05:51:05.330 [pool-3-thread-1] INFO  com.rs.mv.mvvs.client.catalog.from.scan.CurrentPathScanner - [client:400205]scan file in current open file directory(C:/Users/Chuka/Desktop/projects/nextjs/acrossnig4/src/pages/api/naijavibes)
2024-05-03 05:51:11.582 [pool-3-thread-1] INFO  com.rs.mv.mvvs.client.catalog.from.scan.CurrentPathScanner - [client:400205]scan file in current open file directory(C:/Users/Chuka/Desktop/projects/nextjs/acrossnig4/src/pages/api/naijavibes)
2024-05-03 05:51:24.405 [pool-3-thread-1] INFO  com.rs.mv.mvvs.client.catalog.from.scan.CurrentPathScanner - [client:400205]scan file in current open file directory(C:/Users/Chuka/Desktop/projects/nextjs/acrossnig4/src/pages/api/naijavibes)
2024-05-03 05:52:08.621 [pool-3-thread-1] INFO  com.rs.mv.mvvs.client.catalog.from.scan.CurrentPathScanner - [client:400205]scan file in current open file directory(C:/Users/Chuka/Desktop/projects/nextjs/acrossnig4/src/pages/api/naijavibes)
2024-05-03 05:52:19.149 [pool-3-thread-1] INFO  com.rs.mv.mvvs.client.catalog.from.scan.CurrentPathScanner - [client:400205]scan file in current open file directory(C:/Users/Chuka/Desktop/projects/nextjs/acrossnig4/src/pages)
2024-05-03 05:52:36.196 [pool-3-thread-1] INFO  com.rs.mv.mvvs.client.catalog.from.scan.CurrentPathScanner - [client:400205]scan file in current open file directory(C:/Users/Chuka/Desktop/projects/nextjs/acrossnig4/src/pages)
2024-05-03 05:52:49.968 [pool-3-thread-1] INFO  com.rs.mv.mvvs.client.catalog.from.scan.CurrentPathScanner - [client:400205]scan file in current open file directory(C:/Users/Chuka/Desktop/projects/nextjs/acrossnig4/src/pages)
2024-05-03 05:52:54.020 [pool-3-thread-1] INFO  com.rs.mv.mvvs.client.catalog.from.scan.CurrentPathScanner - [client:400205]scan file in current open file directory(C:/Users/Chuka/Desktop/projects/nextjs/acrossnig4/src/pages/api/naijavibes)
2024-05-03 05:52:56.726 [pool-3-thread-1] INFO  com.rs.mv.mvvs.client.catalog.from.scan.CurrentPathScanner - [client:400205]scan file in current open file directory(C:/Users/Chuka/Desktop/projects/nextjs/acrossnig4/src/components)
2024-05-03 05:52:57.601 [pool-3-thread-1] INFO  com.rs.mv.mvvs.client.catalog.from.scan.CurrentPathScanner - [client:400205]scan file in current open file directory(C:/Users/Chuka/Desktop/projects/nextjs/acrossnig4/src/pages/api/naijavibes)
2024-05-03 05:52:58.600 [pool-3-thread-1] INFO  com.rs.mv.mvvs.client.catalog.from.scan.CurrentPathScanner - [client:400205]scan file in current open file directory(C:/Users/Chuka/Desktop/projects/nextjs/acrossnig4/src/components)
2024-05-03 05:52:59.716 [pool-3-thread-1] INFO  com.rs.mv.mvvs.client.catalog.from.scan.CurrentPathScanner - [client:400205]scan file in current open file directory(C:/Users/Chuka/Desktop/projects/nextjs/acrossnig4/src/pages/api/naijavibes)
2024-05-03 05:53:00.712 [pool-3-thread-1] INFO  com.rs.mv.mvvs.client.catalog.from.scan.CurrentPathScanner - [client:400205]scan file in current open file directory(C:/Users/Chuka/Desktop/projects/nextjs/acrossnig4/src/pages/naijavibes/naijavideos)
2024-05-03 05:53:45.150 [pool-3-thread-1] INFO  com.rs.mv.mvvs.client.catalog.from.scan.CurrentPathScanner - [client:400205]scan file in current open file directory(C:/Users/Chuka/Desktop/projects/nextjs/acrossnig4/src/pages/api/naijavibes)
2024-05-03 05:54:06.806 [pool-3-thread-1] INFO  com.rs.mv.mvvs.client.catalog.from.scan.CurrentPathScanner - [client:400205]scan file in current open file directory(C:/Users/Chuka/Desktop/projects/nextjs/acrossnig4/src/models)
2024-05-03 05:54:08.893 [pool-3-thread-1] INFO  com.rs.mv.mvvs.client.catalog.from.scan.CurrentPathScanner - [client:400205]scan file in current open file directory(C:/Users/Chuka/Desktop/projects/nextjs/acrossnig4/src/pages/api/naijavibes)
2024-05-03 05:54:12.563 [pool-3-thread-1] INFO  com.rs.mv.mvvs.client.catalog.from.scan.CurrentPathScanner - [client:400205]scan file in current open file directory(C:/Users/Chuka/Desktop/projects/nextjs/acrossnig4/src/pages/naijavibes/naijavideos)
2024-05-03 05:54:43.099 [pool-3-thread-1] INFO  com.rs.mv.mvvs.client.catalog.from.scan.CurrentPathScanner - [client:400205]scan file in current open file directory(C:/Users/Chuka/Desktop/projects/nextjs/acrossnig4/src/pages/api)
2024-05-03 05:54:53.919 [pool-3-thread-1] INFO  com.rs.mv.mvvs.client.catalog.from.scan.CurrentPathScanner - [client:400205]scan file in current open file directory(C:/Users/Chuka/Desktop/projects/nextjs/acrossnig4/src/models)
2024-05-03 05:54:58.971 [pool-3-thread-1] INFO  com.rs.mv.mvvs.client.catalog.from.scan.CurrentPathScanner - [client:400205]scan file in current open file directory(C:/Users/Chuka/Desktop/projects/nextjs/acrossnig4/src/pages/api/naijavibes)
2024-05-03 05:55:05.456 [pool-3-thread-1] INFO  com.rs.mv.mvvs.client.catalog.from.scan.CurrentPathScanner - [client:400205]scan file in current open file directory(C:/Users/Chuka/Desktop/projects/nextjs/acrossnig4/src/pages/api)
2024-05-03 05:55:16.130 [pool-3-thread-1] INFO  com.rs.mv.mvvs.client.catalog.from.scan.CurrentPathScanner - [client:400205]scan file in current open file directory(C:/Users/Chuka/Desktop/projects/nextjs/acrossnig4/src/pages/api/naijavibes)
2024-05-03 05:55:17.429 [pool-3-thread-1] INFO  com.rs.mv.mvvs.client.catalog.from.scan.CurrentPathScanner - [client:400205]scan file in current open file directory(C:/Users/Chuka/Desktop/projects/nextjs/acrossnig4/src/pages/api)
2024-05-03 05:55:19.879 [pool-3-thread-1] INFO  com.rs.mv.mvvs.client.catalog.from.scan.CurrentPathScanner - [client:400205]scan file in current open file directory(C:/Users/Chuka/Desktop/projects/nextjs/acrossnig4/src/pages/api/naijavibes)
2024-05-03 05:55:24.713 [pool-3-thread-1] INFO  com.rs.mv.mvvs.client.catalog.from.scan.CurrentPathScanner - [client:400205]scan file in current open file directory(C:/Users/Chuka/Desktop/projects/nextjs/acrossnig4/src/pages/api)
2024-05-03 05:55:27.637 [pool-3-thread-1] INFO  com.rs.mv.mvvs.client.catalog.from.scan.CurrentPathScanner - [client:400205]scan file in current open file directory(C:/Users/Chuka/Desktop/projects/nextjs/acrossnig4/src/pages/api/naijavibes)
2024-05-03 05:55:31.656 [pool-3-thread-1] INFO  com.rs.mv.mvvs.client.catalog.from.scan.CurrentPathScanner - [client:400205]scan file in current open file directory(C:/Users/Chuka/Desktop/projects/nextjs/acrossnig4/src/pages/api)
2024-05-03 05:55:39.800 [pool-3-thread-1] INFO  com.rs.mv.mvvs.client.catalog.from.scan.CurrentPathScanner - [client:400205]scan file in current open file directory(C:/Users/Chuka/Desktop/projects/nextjs/acrossnig4/src/pages/api/naijavibes)
2024-05-03 05:55:42.869 [pool-3-thread-1] INFO  com.rs.mv.mvvs.client.catalog.from.scan.CurrentPathScanner - [client:400205]scan file in current open file directory(C:/Users/Chuka/Desktop/projects/nextjs/acrossnig4/src/pages/api)
2024-05-03 05:55:49.567 [pool-3-thread-1] INFO  com.rs.mv.mvvs.client.catalog.from.scan.CurrentPathScanner - [client:400205]scan file in current open file directory(C:/Users/Chuka/Desktop/projects/nextjs/acrossnig4/src/pages/api/naijavibes)
2024-05-03 05:55:55.040 [pool-3-thread-1] INFO  com.rs.mv.mvvs.client.catalog.from.scan.CurrentPathScanner - [client:400205]scan file in current open file directory(C:/Users/Chuka/Desktop/projects/nextjs/acrossnig4/src/pages/api)
2024-05-03 05:56:08.808 [pool-3-thread-1] INFO  com.rs.mv.mvvs.client.catalog.from.scan.CurrentPathScanner - [client:400205]scan file in current open file directory(C:/Users/Chuka/Desktop/projects/nextjs/acrossnig4/src/pages/api/naijavibes)
2024-05-03 05:56:17.456 [pool-3-thread-1] INFO  com.rs.mv.mvvs.client.catalog.from.scan.CurrentPathScanner - [client:400205]scan file in current open file directory(C:/Users/Chuka/Desktop/projects/nextjs/acrossnig4/src/pages/api)
2024-05-03 05:56:26.098 [pool-3-thread-1] INFO  com.rs.mv.mvvs.client.catalog.from.scan.CurrentPathScanner - [client:400205]scan file in current open file directory(C:/Users/Chuka/Desktop/projects/nextjs/acrossnig4/src/pages/api/naijavibes)
2024-05-03 05:56:38.207 [pool-3-thread-1] INFO  com.rs.mv.mvvs.client.catalog.from.scan.CurrentPathScanner - [client:400205]scan file in current open file directory(C:/Users/Chuka/Desktop/projects/nextjs/acrossnig4/src/pages/api)
2024-05-03 05:59:58.193 [pool-3-thread-1] INFO  com.rs.mv.mvvs.client.catalog.from.scan.CurrentPathScanner - [client:400205]scan file in current open file directory(C:/Users/Chuka/Desktop/projects/nextjs/acrossnig4)
2024-05-03 06:00:44.194 [pool-3-thread-1] INFO  com.rs.mv.mvvs.client.catalog.from.scan.CurrentPathScanner - [client:400205]scan file in current open file directory(C:/Users/Chuka/Desktop/projects/nextjs/acrossnig4/src/components)
2024-05-03 06:00:44.997 [pool-3-thread-1] INFO  com.rs.mv.mvvs.client.catalog.from.scan.CurrentPathScanner - [client:400205]scan file in current open file directory(C:/Users/Chuka/Desktop/projects/nextjs/acrossnig4/src/components)
2024-05-03 06:00:46.462 [pool-3-thread-1] INFO  com.rs.mv.mvvs.client.catalog.from.scan.CurrentPathScanner - [client:400205]scan file in current open file directory(C:/Users/Chuka/Desktop/projects/nextjs/acrossnig4/src/components)
2024-05-03 06:00:50.650 [pool-3-thread-1] INFO  com.rs.mv.mvvs.client.catalog.from.scan.CurrentPathScanner - [client:400205]scan file in current open file directory(C:/Users/Chuka/Desktop/projects/nextjs/acrossnig4/src/components)
2024-05-03 06:01:28.287 [pool-3-thread-1] INFO  com.rs.mv.mvvs.client.catalog.from.scan.CurrentPathScanner - [client:400205]scan file in current open file directory(C:/Users/Chuka/Desktop/projects/nextjs/acrossnig4/src/components)
2024-05-03 06:02:17.722 [pool-3-thread-1] INFO  com.rs.mv.mvvs.client.catalog.from.scan.CurrentPathScanner - [client:400205]scan file in current open file directory(C:/Users/Chuka/Desktop/projects/nextjs/acrossnig4/src/models)
2024-05-03 06:02:20.544 [pool-3-thread-1] INFO  com.rs.mv.mvvs.client.catalog.from.scan.CurrentPathScanner - [client:400205]scan file in current open file directory(C:/Users/Chuka/Desktop/projects/nextjs/acrossnig4/src/pages/naijavibes)
2024-05-03 06:04:24.908 [pool-3-thread-1] INFO  com.rs.mv.mvvs.client.catalog.from.scan.CurrentPathScanner - [client:400205]scan file in current open file directory(C:/Users/Chuka/Desktop/projects/nextjs/acrossnig4/src/pages/naijavibes)
2024-05-03 06:04:50.155 [pool-3-thread-1] INFO  com.rs.mv.mvvs.client.catalog.from.scan.CurrentPathScanner - [client:400205]scan file in current open file directory(C:/Users/Chuka/Desktop/projects/nextjs/acrossnig4/src/pages/naijavibes/naijavideos)
2024-05-03 06:07:00.800 [pool-3-thread-1] INFO  com.rs.mv.mvvs.client.catalog.from.scan.CurrentPathScanner - [client:400205]scan file in current open file directory(C:/Users/Chuka/Desktop/projects/nextjs/acrossnig4/src/pages/naijavibes/naijaphotos)
2024-05-03 06:07:14.531 [pool-3-thread-1] INFO  com.rs.mv.mvvs.client.catalog.from.scan.CurrentPathScanner - [client:400205]scan file in current open file directory(C:/Users/Chuka/Desktop/projects/nextjs/acrossnig4/src/pages/naijavibes/naijaphotos)
2024-05-03 06:07:22.526 [pool-3-thread-1] INFO  com.rs.mv.mvvs.client.catalog.from.scan.CurrentPathScanner - [client:400205]scan file in current open file directory(C:/Users/Chuka/Desktop/projects/nextjs/acrossnig4/src/pages/naijavibes/naijavideos)
2024-05-03 06:11:58.354 [pool-3-thread-1] INFO  com.rs.mv.mvvs.client.catalog.from.scan.CurrentPathScanner - [client:400205]scan file in current open file directory(C:/Users/Chuka/Desktop/projects/nextjs/acrossnig4/src/pages/naijavibes/naijaphotos)
2024-05-03 06:12:07.511 [pool-3-thread-1] INFO  com.rs.mv.mvvs.client.catalog.from.scan.CurrentPathScanner - [client:400205]scan file in current open file directory(C:/Users/Chuka/Desktop/projects/nextjs/acrossnig4/src/pages/naijavibes/naijaphotos)
2024-05-03 06:12:32.510 [pool-3-thread-1] INFO  com.rs.mv.mvvs.client.catalog.from.scan.CurrentPathScanner - [client:400205]scan file in current open file directory(C:/Users/Chuka/Desktop/projects/nextjs/acrossnig4/src/pages/naijavibes/naijavideos)
2024-05-03 06:12:49.720 [pool-3-thread-1] INFO  com.rs.mv.mvvs.client.catalog.from.scan.CurrentPathScanner - [client:400205]scan file in current open file directory(C:/Users/Chuka/Desktop/projects/nextjs/acrossnig4/src/pages/naijavibes/naijaphotos)
2024-05-03 06:19:29.468 [pool-3-thread-1] INFO  com.rs.mv.mvvs.client.catalog.from.scan.CurrentPathScanner - [client:400205]scan file in current open file directory(C:/Users/Chuka/Desktop/projects/nextjs/acrossnig4/src/pages/naijavibes/naijavideos)
2024-05-03 06:19:51.797 [pool-3-thread-1] INFO  com.rs.mv.mvvs.client.catalog.from.scan.CurrentPathScanner - [client:400205]scan file in current open file directory(C:/Users/Chuka/Desktop/projects/nextjs/acrossnig4/src/pages/naijavibes/naijaphotos)
2024-05-03 06:20:50.180 [pool-3-thread-1] INFO  com.rs.mv.mvvs.client.catalog.from.scan.CurrentPathScanner - [client:400205]scan file in current open file directory(C:/Users/Chuka/Desktop/projects/nextjs/acrossnig4/src/pages/naijavibes/naijavideos)
2024-05-03 06:21:08.971 [pool-3-thread-1] INFO  com.rs.mv.mvvs.client.catalog.from.scan.CurrentPathScanner - [client:400205]scan file in current open file directory(C:/Users/Chuka/Desktop/projects/nextjs/acrossnig4/src/pages/naijavibes/naijaphotos)
2024-05-03 06:52:56.959 [pool-3-thread-1] INFO  com.rs.mv.mvvs.client.catalog.from.scan.CurrentPathScanner - [client:400205]scan file in current open file directory(C:/Users/Chuka/Desktop/projects/nextjs/acrossnig4/src/pages/naijavibes/naijavideos)
2024-05-03 06:59:47.779 [pool-3-thread-1] INFO  com.rs.mv.mvvs.client.catalog.from.scan.CurrentPathScanner - [client:400205]scan file in current open file directory(C:/Users/Chuka/Desktop/projects/nextjs/acrossnig4/src/components)
2024-05-03 14:38:25.216 [pool-3-thread-1] INFO  com.rs.mv.mvvs.client.catalog.from.scan.CurrentPathScanner - [client:400205]scan file in current open file directory(C:/Users/Chuka/Desktop/projects/nextjs/acrossnig4/src/pages/shoutout)
2024-05-03 14:38:50.409 [pool-3-thread-1] INFO  com.rs.mv.mvvs.client.catalog.from.scan.CurrentPathScanner - [client:400205]scan file in current open file directory(C:/Users/Chuka/Desktop/projects/nextjs/acrossnig4/src/pages)
2024-05-03 15:38:42.355 [pool-3-thread-1] INFO  com.rs.mv.mvvs.client.catalog.from.scan.CurrentPathScanner - [client:400205]scan file in current open file directory(C:/Users/Chuka/Desktop/projects/nextjs/acrossnig4/src/pages)
