2024-05-29 00:29:14.960 [pool-3-thread-1] INFO  com.rs.mv.mvvs.client.catalog.from.scan.CurrentPathScanner - [client:400205]scan file in current open file directory(C:/Users/Chuka/Desktop/projects/nextjs/acrossnig4/src/pages/shoutout)
2024-05-29 00:29:33.611 [pool-3-thread-1] INFO  com.rs.mv.mvvs.client.catalog.from.scan.CurrentPathScanner - [client:400205]scan file in current open file directory(C:/Users/Chuka/Desktop/projects/nextjs/acrossnig4/src/components)
2024-05-29 00:36:39.602 [pool-3-thread-1] INFO  com.rs.mv.mvvs.client.catalog.from.scan.CurrentPathScanner - [client:400205]scan file in current open file directory(C:/Users/Chuka/Desktop/projects/nextjs/acrossnig4/src/pages/skits)
2024-05-29 00:37:02.956 [pool-3-thread-1] INFO  com.rs.mv.mvvs.client.catalog.from.scan.CurrentPathScanner - [client:400205]scan file in current open file directory(C:/Users/Chuka/Desktop/projects/nextjs/acrossnig4/src/pages/skits)
2024-05-29 00:39:54.783 [pool-3-thread-1] INFO  com.rs.mv.mvvs.client.catalog.from.scan.CurrentPathScanner - [client:400205]scan file in current open file directory(C:/Users/Chuka/Desktop/projects/nextjs/acrossnig4/src/pages/naijavibes/naijaphotos)
2024-05-29 00:39:58.208 [pool-3-thread-1] INFO  com.rs.mv.mvvs.client.catalog.from.scan.CurrentPathScanner - [client:400205]scan file in current open file directory(C:/Users/Chuka/Desktop/projects/nextjs/acrossnig4/src/pages/naijavibes/naijaphotos)
2024-05-29 00:40:44.718 [pool-3-thread-1] INFO  com.rs.mv.mvvs.client.catalog.from.scan.CurrentPathScanner - [client:400205]scan file in current open file directory(C:/Users/Chuka/Desktop/projects/nextjs/acrossnig4/src/pages/skits)
2024-05-29 00:40:58.293 [pool-3-thread-1] INFO  com.rs.mv.mvvs.client.catalog.from.scan.CurrentPathScanner - [client:400205]scan file in current open file directory(C:/Users/Chuka/Desktop/projects/nextjs/acrossnig4/src/pages/api)
2024-05-29 00:41:00.241 [pool-3-thread-1] INFO  com.rs.mv.mvvs.client.catalog.from.scan.CurrentPathScanner - [client:400205]scan file in current open file directory(C:/Users/Chuka/Desktop/projects/nextjs/acrossnig4/src/pages/naijavibes/naijaphotos)
2024-05-29 00:41:17.463 [pool-3-thread-1] INFO  com.rs.mv.mvvs.client.catalog.from.scan.CurrentPathScanner - [client:400205]scan file in current open file directory(C:/Users/Chuka/Desktop/projects/nextjs/acrossnig4/src/pages/api/naijavibes)
2024-05-29 00:41:23.579 [pool-3-thread-1] INFO  com.rs.mv.mvvs.client.catalog.from.scan.CurrentPathScanner - [client:400205]scan file in current open file directory(C:/Users/Chuka/Desktop/projects/nextjs/acrossnig4/src/pages/api)
2024-05-29 00:41:29.326 [pool-3-thread-1] INFO  com.rs.mv.mvvs.client.catalog.from.scan.CurrentPathScanner - [client:400205]scan file in current open file directory(C:/Users/Chuka/Desktop/projects/nextjs/acrossnig4/src/pages/api/naijavibes)
2024-05-29 00:41:38.894 [pool-3-thread-1] INFO  com.rs.mv.mvvs.client.catalog.from.scan.CurrentPathScanner - [client:400205]scan file in current open file directory(C:/Users/Chuka/Desktop/projects/nextjs/acrossnig4/src/pages/api)
2024-05-29 00:42:24.886 [pool-3-thread-1] INFO  com.rs.mv.mvvs.client.catalog.from.scan.CurrentPathScanner - [client:400205]scan file in current open file directory(C:/Users/Chuka/Desktop/projects/nextjs/acrossnig4/src/pages/api/naijavibes)
2024-05-29 00:43:22.259 [pool-3-thread-1] INFO  com.rs.mv.mvvs.client.catalog.from.scan.CurrentPathScanner - [client:400205]scan file in current open file directory(C:/Users/Chuka/Desktop/projects/nextjs/acrossnig4/src/models)
2024-05-29 00:43:24.926 [pool-3-thread-1] INFO  com.rs.mv.mvvs.client.catalog.from.scan.CurrentPathScanner - [client:400205]scan file in current open file directory(C:/Users/Chuka/Desktop/projects/nextjs/acrossnig4/src/pages/api/naijavibes)
2024-05-29 00:43:35.742 [pool-3-thread-1] INFO  com.rs.mv.mvvs.client.catalog.from.scan.CurrentPathScanner - [client:400205]scan file in current open file directory(C:/Users/Chuka/Desktop/projects/nextjs/acrossnig4/src/pages/api)
2024-05-29 00:43:37.947 [pool-3-thread-1] INFO  com.rs.mv.mvvs.client.catalog.from.scan.CurrentPathScanner - [client:400205]scan file in current open file directory(C:/Users/Chuka/Desktop/projects/nextjs/acrossnig4/src/pages/api/naijavibes)
2024-05-29 00:43:43.093 [pool-3-thread-1] INFO  com.rs.mv.mvvs.client.catalog.from.scan.CurrentPathScanner - [client:400205]scan file in current open file directory(C:/Users/Chuka/Desktop/projects/nextjs/acrossnig4/src/models)
2024-05-29 00:43:46.707 [pool-3-thread-1] INFO  com.rs.mv.mvvs.client.catalog.from.scan.CurrentPathScanner - [client:400205]scan file in current open file directory(C:/Users/Chuka/Desktop/projects/nextjs/acrossnig4/src/pages/api/naijavibes)
2024-05-29 00:43:56.215 [pool-3-thread-1] INFO  com.rs.mv.mvvs.client.catalog.from.scan.CurrentPathScanner - [client:400205]scan file in current open file directory(C:/Users/Chuka/Desktop/projects/nextjs/acrossnig4/src/pages/api)
2024-05-29 00:44:03.742 [pool-3-thread-1] INFO  com.rs.mv.mvvs.client.catalog.from.scan.CurrentPathScanner - [client:400205]scan file in current open file directory(C:/Users/Chuka/Desktop/projects/nextjs/acrossnig4/src/pages/api/naijavibes)
2024-05-29 00:44:54.793 [pool-3-thread-1] INFO  com.rs.mv.mvvs.client.catalog.from.scan.CurrentPathScanner - [client:400205]scan file in current open file directory(C:/Users/Chuka/Desktop/projects/nextjs/acrossnig4/src/pages/api)
2024-05-29 00:45:08.271 [pool-3-thread-1] INFO  com.rs.mv.mvvs.client.catalog.from.scan.CurrentPathScanner - [client:400205]scan file in current open file directory(C:/Users/Chuka/Desktop/projects/nextjs/acrossnig4/src/pages/api/naijavibes)
2024-05-29 00:45:46.896 [pool-3-thread-1] INFO  com.rs.mv.mvvs.client.catalog.from.scan.CurrentPathScanner - [client:400205]scan file in current open file directory(C:/Users/Chuka/Desktop/projects/nextjs/acrossnig4/src/pages/naijavibes/naijaphotos)
2024-05-29 00:55:23.157 [pool-3-thread-1] INFO  com.rs.mv.mvvs.client.catalog.from.scan.CurrentPathScanner - [client:400205]scan file in current open file directory(C:/Users/Chuka/Desktop/projects/nextjs/acrossnig4/src/pages/api/naijavibes)
2024-05-29 00:55:31.309 [pool-3-thread-1] INFO  com.rs.mv.mvvs.client.catalog.from.scan.CurrentPathScanner - [client:400205]scan file in current open file directory(C:/Users/Chuka/Desktop/projects/nextjs/acrossnig4/src/pages/naijavibes/naijaphotos)
2024-05-29 00:56:18.293 [pool-3-thread-1] INFO  com.rs.mv.mvvs.client.catalog.from.scan.CurrentPathScanner - [client:400205]scan file in current open file directory(C:/Users/Chuka/Desktop/projects/nextjs/acrossnig4/src/pages/api)
2024-05-29 00:56:22.746 [pool-3-thread-1] INFO  com.rs.mv.mvvs.client.catalog.from.scan.CurrentPathScanner - [client:400205]scan file in current open file directory(C:/Users/Chuka/Desktop/projects/nextjs/acrossnig4/src/pages/naijavibes/naijaphotos)
2024-05-29 00:56:24.238 [pool-3-thread-1] INFO  com.rs.mv.mvvs.client.catalog.from.scan.CurrentPathScanner - [client:400205]scan file in current open file directory(C:/Users/Chuka/Desktop/projects/nextjs/acrossnig4/src/components)
2024-05-29 00:56:36.384 [pool-3-thread-1] INFO  com.rs.mv.mvvs.client.catalog.from.scan.CurrentPathScanner - [client:400205]scan file in current open file directory(C:/Users/Chuka/Desktop/projects/nextjs/acrossnig4/src/pages/skits)
2024-05-29 00:56:46.104 [pool-3-thread-1] INFO  com.rs.mv.mvvs.client.catalog.from.scan.CurrentPathScanner - [client:400205]scan file in current open file directory(C:/Users/Chuka/Desktop/projects/nextjs/acrossnig4/src/pages/naijavibes/naijaphotos)
2024-05-29 00:58:14.115 [pool-3-thread-1] INFO  com.rs.mv.mvvs.client.catalog.from.scan.CurrentPathScanner - [client:400205]scan file in current open file directory(C:/Users/Chuka/Desktop/projects/nextjs/acrossnig4/src/pages/skits)
2024-05-29 00:58:26.272 [pool-3-thread-1] INFO  com.rs.mv.mvvs.client.catalog.from.scan.CurrentPathScanner - [client:400205]scan file in current open file directory(C:/Users/Chuka/Desktop/projects/nextjs/acrossnig4/src/pages/naijavibes/naijaphotos)
2024-05-29 14:55:23.520 [pool-3-thread-1] INFO  com.rs.mv.mvvs.client.catalog.from.scan.CurrentPathScanner - [client:400205]scan file in current open file directory(C:/Users/Chuka/Desktop/projects/nextjs/acrossnig4/src/pages/naijavibes)
2024-05-29 15:09:19.683 [pool-3-thread-1] INFO  com.rs.mv.mvvs.client.catalog.from.scan.CurrentPathScanner - [client:400205]scan file in current open file directory(C:/Users/Chuka/Desktop/projects/nextjs/acrossnig4/src/pages/naijavibes)
2024-05-29 15:09:20.116 [pool-3-thread-1] INFO  com.rs.mv.mvvs.client.catalog.from.scan.CurrentPathScanner - [client:400205]scan file in current open file directory(C:/Users/Chuka/Desktop/projects/nextjs/acrossnig4/src/pages/naijavibes)
2024-05-29 15:09:26.857 [pool-3-thread-1] INFO  com.rs.mv.mvvs.client.catalog.from.scan.CurrentPathScanner - [client:400205]scan file in current open file directory(C:/Users/Chuka/Desktop/projects/nextjs/acrossnig4/src/pages/naijavibes)
2024-05-29 15:09:32.786 [pool-3-thread-1] INFO  com.rs.mv.mvvs.client.catalog.from.scan.CurrentPathScanner - [client:400205]scan file in current open file directory(C:/Users/Chuka/Desktop/projects/nextjs/acrossnig4/src/pages/naijavibes)
2024-05-29 15:10:02.149 [pool-3-thread-1] INFO  com.rs.mv.mvvs.client.catalog.from.scan.CurrentPathScanner - [client:400205]scan file in current open file directory(C:/Users/Chuka/Desktop/projects/nextjs/acrossnig4/src/pages/naijavibes/naijavideos)
2024-05-29 15:15:35.152 [pool-3-thread-1] INFO  com.rs.mv.mvvs.client.catalog.from.scan.CurrentPathScanner - [client:400205]scan file in current open file directory(C:/Users/Chuka/Desktop/projects/nextjs/acrossnig4/src/pages/naijavibes)
2024-05-29 15:25:06.979 [pool-3-thread-1] INFO  com.rs.mv.mvvs.client.catalog.from.scan.CurrentPathScanner - [client:400205]scan file in current open file directory(C:/Users/Chuka/Desktop/projects/nextjs/acrossnig4/node_modules/react-player/lib)
2024-05-29 15:25:09.421 [pool-3-thread-1] INFO  com.rs.mv.mvvs.client.catalog.from.scan.CurrentPathScanner - [client:400205]scan file in current open file directory(C:/Users/Chuka/Desktop/projects/nextjs/acrossnig4/src/pages/naijavibes)
2024-05-29 15:25:17.711 [pool-3-thread-1] INFO  com.rs.mv.mvvs.client.catalog.from.scan.CurrentPathScanner - [client:400205]scan file in current open file directory(C:/Users/Chuka/Desktop/projects/nextjs/acrossnig4/src/pages/naijavibes/naijavideos)
2024-05-29 15:25:49.263 [pool-3-thread-1] INFO  com.rs.mv.mvvs.client.catalog.from.scan.CurrentPathScanner - [client:400205]scan file in current open file directory(C:/Users/Chuka/Desktop/projects/nextjs/acrossnig4/src/pages/naijavibes)
2024-05-29 15:52:59.590 [pool-3-thread-1] INFO  com.rs.mv.mvvs.client.catalog.from.scan.CurrentPathScanner - [client:400205]scan file in current open file directory(C:/Users/Chuka/Desktop/projects/nextjs/acrossnig4/src/pages/naijavibes/naijavideos)
2024-05-29 15:53:11.470 [pool-3-thread-1] INFO  com.rs.mv.mvvs.client.catalog.from.scan.CurrentPathScanner - [client:400205]scan file in current open file directory(C:/Users/Chuka/Desktop/projects/nextjs/acrossnig4/src/pages/naijavibes/naijaphotos)
2024-05-29 15:54:21.872 [pool-3-thread-1] INFO  com.rs.mv.mvvs.client.catalog.from.scan.CurrentPathScanner - [client:400205]scan file in current open file directory(C:/Users/Chuka/Desktop/projects/nextjs/acrossnig4/src/pages/naijavibes)
2024-05-29 16:16:10.214 [pool-3-thread-1] INFO  com.rs.mv.mvvs.client.catalog.from.scan.CurrentPathScanner - [client:400205]scan file in current open file directory(C:/Users/Chuka/Desktop/projects/nextjs/acrossnig4/src/pages/naijavibes/naijaphotos)
2024-05-29 16:16:19.079 [pool-3-thread-1] INFO  com.rs.mv.mvvs.client.catalog.from.scan.CurrentPathScanner - [client:400205]scan file in current open file directory(C:/Users/Chuka/Desktop/projects/nextjs/acrossnig4/src/pages/naijavibes)
2024-05-29 16:18:10.241 [pool-3-thread-1] INFO  com.rs.mv.mvvs.client.catalog.from.scan.CurrentPathScanner - [client:400205]scan file in current open file directory(C:/Users/Chuka/Desktop/projects/nextjs/acrossnig4/src/pages/naijavibes/naijaphotos)
2024-05-29 16:18:34.867 [pool-3-thread-1] INFO  com.rs.mv.mvvs.client.catalog.from.scan.CurrentPathScanner - [client:400205]scan file in current open file directory(C:/Users/Chuka/Desktop/projects/nextjs/acrossnig4/src/pages/mail)
2024-05-29 16:18:37.687 [pool-3-thread-1] INFO  com.rs.mv.mvvs.client.catalog.from.scan.CurrentPathScanner - [client:400205]scan file in current open file directory(C:/Users/Chuka/Desktop/projects/nextjs/acrossnig4/src/pages/mail)
2024-05-29 16:19:12.853 [pool-3-thread-1] INFO  com.rs.mv.mvvs.client.catalog.from.scan.CurrentPathScanner - [client:400205]scan file in current open file directory(C:/Users/Chuka/Desktop/projects/nextjs/acrossnig4/src/pages)
2024-05-29 16:35:21.851 [pool-3-thread-1] INFO  com.rs.mv.mvvs.client.catalog.from.scan.CurrentPathScanner - [client:400205]scan file in current open file directory(C:/Users/Chuka/Desktop/projects/nextjs/acrossnig4/src/pages/naijavibes)
2024-05-29 16:45:53.048 [pool-3-thread-1] INFO  com.rs.mv.mvvs.client.catalog.from.scan.CurrentPathScanner - [client:400205]scan file in current open file directory(C:/Users/Chuka/Desktop/projects/nextjs/acrossnig4/src/pages)
2024-05-29 16:47:43.017 [pool-3-thread-1] INFO  com.rs.mv.mvvs.client.catalog.from.scan.CurrentPathScanner - [client:400205]scan file in current open file directory(C:/Users/Chuka/Desktop/projects/nextjs/acrossnig4/src/pages/naijavibes)
2024-05-29 16:53:16.249 [pool-3-thread-1] INFO  com.rs.mv.mvvs.client.catalog.from.scan.CurrentPathScanner - [client:400205]scan file in current open file directory(C:/Users/Chuka/Desktop/projects/nextjs/acrossnig4/src/pages/naijavibes/naijaphotos)
2024-05-29 16:55:01.085 [pool-3-thread-1] INFO  com.rs.mv.mvvs.client.catalog.from.scan.CurrentPathScanner - [client:400205]scan file in current open file directory(C:/Users/Chuka/Desktop/projects/nextjs/acrossnig4/src/pages/naijavibes)
2024-05-29 16:59:16.487 [pool-3-thread-1] INFO  com.rs.mv.mvvs.client.catalog.from.scan.CurrentPathScanner - [client:400205]scan file in current open file directory(C:/Users/Chuka/Desktop/projects/nextjs/acrossnig4/src/pages/naijavibes)
2024-05-29 16:59:34.135 [pool-3-thread-1] INFO  com.rs.mv.mvvs.client.catalog.from.scan.CurrentPathScanner - [client:400205]scan file in current open file directory(C:/Users/Chuka/Desktop/projects/nextjs/acrossnig4/src/pages/naijavibes)
2024-05-29 17:03:36.805 [pool-3-thread-1] INFO  com.rs.mv.mvvs.client.catalog.from.scan.CurrentPathScanner - [client:400205]scan file in current open file directory(C:/Users/Chuka/Desktop/projects/nextjs/acrossnig4/src/pages/naijavibes)
2024-05-29 17:05:13.705 [pool-3-thread-1] INFO  com.rs.mv.mvvs.client.catalog.from.scan.CurrentPathScanner - [client:400205]scan file in current open file directory(C:/Users/Chuka/Desktop/projects/nextjs/acrossnig4/src/pages/naijavibes/naijaphotos)
2024-05-29 17:06:04.876 [pool-3-thread-1] INFO  com.rs.mv.mvvs.client.catalog.from.scan.CurrentPathScanner - [client:400205]scan file in current open file directory(C:/Users/Chuka/Desktop/projects/nextjs/acrossnig4/src/pages/naijavibes)
2024-05-29 17:06:08.072 [pool-3-thread-1] INFO  com.rs.mv.mvvs.client.catalog.from.scan.CurrentPathScanner - [client:400205]scan file in current open file directory(C:/Users/Chuka/Desktop/projects/nextjs/acrossnig4/src/pages/naijavibes)
2024-05-29 17:06:25.783 [pool-3-thread-1] INFO  com.rs.mv.mvvs.client.catalog.from.scan.CurrentPathScanner - [client:400205]scan file in current open file directory(C:/Users/Chuka/Desktop/projects/nextjs/acrossnig4/src/pages/naijavibes)
2024-05-29 17:06:30.810 [pool-3-thread-1] INFO  com.rs.mv.mvvs.client.catalog.from.scan.CurrentPathScanner - [client:400205]scan file in current open file directory(C:/Users/Chuka/Desktop/projects/nextjs/acrossnig4/src/pages/naijavibes)
2024-05-29 17:06:34.250 [pool-3-thread-1] INFO  com.rs.mv.mvvs.client.catalog.from.scan.CurrentPathScanner - [client:400205]scan file in current open file directory(C:/Users/Chuka/Desktop/projects/nextjs/acrossnig4/src/pages/naijavibes)
2024-05-29 17:07:22.934 [pool-3-thread-1] INFO  com.rs.mv.mvvs.client.catalog.from.scan.CurrentPathScanner - [client:400205]scan file in current open file directory(C:/Users/Chuka/Desktop/projects/nextjs/acrossnig4/src/pages/naijavibes)
2024-05-29 17:08:07.878 [pool-3-thread-1] INFO  com.rs.mv.mvvs.client.catalog.from.scan.CurrentPathScanner - [client:400205]scan file in current open file directory(C:/Users/Chuka/Desktop/projects/nextjs/acrossnig4/src/pages/naijavibes)
2024-05-29 17:08:14.132 [pool-3-thread-1] INFO  com.rs.mv.mvvs.client.catalog.from.scan.CurrentPathScanner - [client:400205]scan file in current open file directory(C:/Users/Chuka/Desktop/projects/nextjs/acrossnig4/src/pages/naijavibes)
2024-05-29 17:10:13.882 [pool-3-thread-1] INFO  com.rs.mv.mvvs.client.catalog.from.scan.CurrentPathScanner - [client:400205]scan file in current open file directory(C:/Users/Chuka/Desktop/projects/nextjs/acrossnig4/src/pages)
2024-05-29 17:14:34.528 [pool-3-thread-1] INFO  com.rs.mv.mvvs.client.catalog.from.scan.CurrentPathScanner - [client:400205]scan file in current open file directory(C:/Users/Chuka/Desktop/projects/nextjs/acrossnig4/src/pages)
2024-05-29 17:14:45.308 [pool-3-thread-1] INFO  com.rs.mv.mvvs.client.catalog.from.scan.CurrentPathScanner - [client:400205]scan file in current open file directory(C:/Users/Chuka/Desktop/projects/nextjs/acrossnig4/src/pages)
2024-05-29 17:14:46.972 [pool-3-thread-1] INFO  com.rs.mv.mvvs.client.catalog.from.scan.CurrentPathScanner - [client:400205]scan file in current open file directory(C:/Users/Chuka/Desktop/projects/nextjs/acrossnig4/src/pages)
2024-05-29 17:14:49.825 [pool-3-thread-1] INFO  com.rs.mv.mvvs.client.catalog.from.scan.CurrentPathScanner - [client:400205]scan file in current open file directory(C:/Users/Chuka/Desktop/projects/nextjs/acrossnig4/src/pages/skits)
2024-05-29 17:14:50.909 [pool-3-thread-1] INFO  com.rs.mv.mvvs.client.catalog.from.scan.CurrentPathScanner - [client:400205]scan file in current open file directory(C:/Users/Chuka/Desktop/projects/nextjs/acrossnig4/src/pages)
2024-05-29 17:14:52.167 [pool-3-thread-1] INFO  com.rs.mv.mvvs.client.catalog.from.scan.CurrentPathScanner - [client:400205]scan file in current open file directory(C:/Users/Chuka/Desktop/projects/nextjs/acrossnig4/src/pages)
2024-05-29 17:14:53.600 [pool-3-thread-1] INFO  com.rs.mv.mvvs.client.catalog.from.scan.CurrentPathScanner - [client:400205]scan file in current open file directory(C:/Users/Chuka/Desktop/projects/nextjs/acrossnig4/src/pages)
2024-05-29 17:14:54.214 [pool-3-thread-1] INFO  com.rs.mv.mvvs.client.catalog.from.scan.CurrentPathScanner - [client:400205]scan file in current open file directory(C:/Users/Chuka/Desktop/projects/nextjs/acrossnig4/src/pages)
2024-05-29 17:14:56.144 [pool-3-thread-1] INFO  com.rs.mv.mvvs.client.catalog.from.scan.CurrentPathScanner - [client:400205]scan file in current open file directory(C:/Users/Chuka/Desktop/projects/nextjs/acrossnig4/src/pages)
2024-05-29 17:14:56.798 [pool-3-thread-1] INFO  com.rs.mv.mvvs.client.catalog.from.scan.CurrentPathScanner - [client:400205]scan file in current open file directory(C:/Users/Chuka/Desktop/projects/nextjs/acrossnig4/src/pages)
2024-05-29 17:14:57.484 [pool-3-thread-1] INFO  com.rs.mv.mvvs.client.catalog.from.scan.CurrentPathScanner - [client:400205]scan file in current open file directory(C:/Users/Chuka/Desktop/projects/nextjs/acrossnig4/src/pages)
2024-05-29 17:14:58.978 [pool-3-thread-1] INFO  com.rs.mv.mvvs.client.catalog.from.scan.CurrentPathScanner - [client:400205]scan file in current open file directory(C:/Users/Chuka/Desktop/projects/nextjs/acrossnig4/src/pages)
2024-05-29 17:14:59.765 [pool-3-thread-1] INFO  com.rs.mv.mvvs.client.catalog.from.scan.CurrentPathScanner - [client:400205]scan file in current open file directory(C:/Users/Chuka/Desktop/projects/nextjs/acrossnig4/src/pages)
2024-05-29 17:15:00.592 [pool-3-thread-1] INFO  com.rs.mv.mvvs.client.catalog.from.scan.CurrentPathScanner - [client:400205]scan file in current open file directory(C:/Users/Chuka/Desktop/projects/nextjs/acrossnig4/src/pages)
2024-05-29 17:15:02.461 [pool-3-thread-1] INFO  com.rs.mv.mvvs.client.catalog.from.scan.CurrentPathScanner - [client:400205]scan file in current open file directory(C:/Users/Chuka/Desktop/projects/nextjs/acrossnig4/src/pages)
2024-05-29 17:15:03.506 [pool-3-thread-1] INFO  com.rs.mv.mvvs.client.catalog.from.scan.CurrentPathScanner - [client:400205]scan file in current open file directory(C:/Users/Chuka/Desktop/projects/nextjs/acrossnig4/src/pages)
2024-05-29 17:15:04.175 [pool-3-thread-1] INFO  com.rs.mv.mvvs.client.catalog.from.scan.CurrentPathScanner - [client:400205]scan file in current open file directory(C:/Users/Chuka/Desktop/projects/nextjs/acrossnig4/src/pages)
2024-05-29 17:15:05.213 [pool-3-thread-1] INFO  com.rs.mv.mvvs.client.catalog.from.scan.CurrentPathScanner - [client:400205]scan file in current open file directory(C:/Users/Chuka/Desktop/projects/nextjs/acrossnig4/src/pages)
2024-05-29 17:15:06.643 [pool-3-thread-1] INFO  com.rs.mv.mvvs.client.catalog.from.scan.CurrentPathScanner - [client:400205]scan file in current open file directory(C:/Users/Chuka/Desktop/projects/nextjs/acrossnig4/src/pages)
2024-05-29 17:15:07.533 [pool-3-thread-1] INFO  com.rs.mv.mvvs.client.catalog.from.scan.CurrentPathScanner - [client:400205]scan file in current open file directory(C:/Users/Chuka/Desktop/projects/nextjs/acrossnig4/src/pages)
2024-05-29 17:15:09.019 [pool-3-thread-1] INFO  com.rs.mv.mvvs.client.catalog.from.scan.CurrentPathScanner - [client:400205]scan file in current open file directory(C:/Users/Chuka/Desktop/projects/nextjs/acrossnig4/src/pages)
2024-05-29 17:15:09.777 [pool-3-thread-1] INFO  com.rs.mv.mvvs.client.catalog.from.scan.CurrentPathScanner - [client:400205]scan file in current open file directory(C:/Users/Chuka/Desktop/projects/nextjs/acrossnig4/src/pages)
2024-05-29 17:15:10.498 [pool-3-thread-1] INFO  com.rs.mv.mvvs.client.catalog.from.scan.CurrentPathScanner - [client:400205]scan file in current open file directory(C:/Users/Chuka/Desktop/projects/nextjs/acrossnig4/src/pages)
2024-05-29 17:15:15.663 [pool-3-thread-1] INFO  com.rs.mv.mvvs.client.catalog.from.scan.CurrentPathScanner - [client:400205]scan file in current open file directory(C:/Users/Chuka/Desktop/projects/nextjs/acrossnig4/src/pages)
2024-05-29 17:15:22.178 [pool-3-thread-1] INFO  com.rs.mv.mvvs.client.catalog.from.scan.CurrentPathScanner - [client:400205]scan file in current open file directory(C:/Users/Chuka/Desktop/projects/nextjs/acrossnig4/src/pages)
2024-05-29 17:15:23.081 [pool-3-thread-1] INFO  com.rs.mv.mvvs.client.catalog.from.scan.CurrentPathScanner - [client:400205]scan file in current open file directory(C:/Users/Chuka/Desktop/projects/nextjs/acrossnig4/src/pages)
2024-05-29 17:15:23.730 [pool-3-thread-1] INFO  com.rs.mv.mvvs.client.catalog.from.scan.CurrentPathScanner - [client:400205]scan file in current open file directory(C:/Users/Chuka/Desktop/projects/nextjs/acrossnig4/src/pages)
2024-05-29 17:15:38.076 [pool-3-thread-1] INFO  com.rs.mv.mvvs.client.catalog.from.scan.CurrentPathScanner - [client:400205]scan file in current open file directory(C:/Users/Chuka/Desktop/projects/nextjs/acrossnig4/src/pages/naijavibes/naijaphotos)
2024-05-29 17:15:44.790 [pool-3-thread-1] INFO  com.rs.mv.mvvs.client.catalog.from.scan.CurrentPathScanner - [client:400205]scan file in current open file directory(C:/Users/Chuka/Desktop/projects/nextjs/acrossnig4/src/pages/naijavibes/naijaphotos)
2024-05-29 17:15:47.208 [pool-3-thread-1] INFO  com.rs.mv.mvvs.client.catalog.from.scan.CurrentPathScanner - [client:400205]scan file in current open file directory(C:/Users/Chuka/Desktop/projects/nextjs/acrossnig4/src/pages/naijavibes/naijavideos)
2024-05-29 17:15:52.276 [pool-3-thread-1] INFO  com.rs.mv.mvvs.client.catalog.from.scan.CurrentPathScanner - [client:400205]scan file in current open file directory(C:/Users/Chuka/Desktop/projects/nextjs/acrossnig4/src/pages/naijavibes/naijavideos)
2024-05-29 17:15:53.908 [pool-3-thread-1] INFO  com.rs.mv.mvvs.client.catalog.from.scan.CurrentPathScanner - [client:400205]scan file in current open file directory(C:/Users/Chuka/Desktop/projects/nextjs/acrossnig4/src/pages/naijavibes)
2024-05-29 17:15:56.984 [pool-3-thread-1] INFO  com.rs.mv.mvvs.client.catalog.from.scan.CurrentPathScanner - [client:400205]scan file in current open file directory(C:/Users/Chuka/Desktop/projects/nextjs/acrossnig4/src/pages/naijavibes)
2024-05-29 17:15:59.492 [pool-3-thread-1] INFO  com.rs.mv.mvvs.client.catalog.from.scan.CurrentPathScanner - [client:400205]scan file in current open file directory(C:/Users/Chuka/Desktop/projects/nextjs/acrossnig4/src/pages/naijavibes)
2024-05-29 17:16:02.904 [pool-3-thread-1] INFO  com.rs.mv.mvvs.client.catalog.from.scan.CurrentPathScanner - [client:400205]scan file in current open file directory(C:/Users/Chuka/Desktop/projects/nextjs/acrossnig4/src/pages/shoutout)
2024-05-29 17:16:23.592 [pool-3-thread-1] INFO  com.rs.mv.mvvs.client.catalog.from.scan.CurrentPathScanner - [client:400205]scan file in current open file directory(C:/Users/Chuka/Desktop/projects/nextjs/acrossnig4/src/pages/shoutout)
2024-05-29 17:16:40.297 [pool-3-thread-1] INFO  com.rs.mv.mvvs.client.catalog.from.scan.CurrentPathScanner - [client:400205]scan file in current open file directory(C:/Users/Chuka/Desktop/projects/nextjs/acrossnig4/src/pages/shoutout)
2024-05-29 17:16:58.746 [pool-3-thread-1] INFO  com.rs.mv.mvvs.client.catalog.from.scan.CurrentPathScanner - [client:400205]scan file in current open file directory(C:/Users/Chuka/Desktop/projects/nextjs/acrossnig4/src/pages/shoutout)
2024-05-29 17:17:13.291 [pool-3-thread-1] INFO  com.rs.mv.mvvs.client.catalog.from.scan.CurrentPathScanner - [client:400205]scan file in current open file directory(C:/Users/Chuka/Desktop/projects/nextjs/acrossnig4/src/pages/shoutout)
2024-05-29 17:17:20.450 [pool-3-thread-1] INFO  com.rs.mv.mvvs.client.catalog.from.scan.CurrentPathScanner - [client:400205]scan file in current open file directory(C:/Users/Chuka/Desktop/projects/nextjs/acrossnig4/src/pages/shoutout)
2024-05-29 17:17:23.784 [pool-3-thread-1] INFO  com.rs.mv.mvvs.client.catalog.from.scan.CurrentPathScanner - [client:400205]scan file in current open file directory(C:/Users/Chuka/Desktop/projects/nextjs/acrossnig4/src/pages/naijavibes)
2024-05-29 17:21:56.038 [pool-3-thread-1] INFO  com.rs.mv.mvvs.client.catalog.from.scan.CurrentPathScanner - [client:400205]scan file in current open file directory(C:/Users/Chuka/Desktop/projects/nextjs/acrossnig4/src/pages/shoutout)
2024-05-29 17:22:02.506 [pool-3-thread-1] INFO  com.rs.mv.mvvs.client.catalog.from.scan.CurrentPathScanner - [client:400205]scan file in current open file directory(C:/Users/Chuka/Desktop/projects/nextjs/acrossnig4/src/pages/naijavibes)
2024-05-29 17:22:11.789 [pool-3-thread-1] INFO  com.rs.mv.mvvs.client.catalog.from.scan.CurrentPathScanner - [client:400205]scan file in current open file directory(C:/Users/Chuka/Desktop/projects/nextjs/acrossnig4/src/pages/shoutout)
2024-05-29 17:22:19.697 [pool-3-thread-1] INFO  com.rs.mv.mvvs.client.catalog.from.scan.CurrentPathScanner - [client:400205]scan file in current open file directory(C:/Users/Chuka/Desktop/projects/nextjs/acrossnig4/src/pages/naijavibes)
2024-05-29 17:22:24.025 [pool-3-thread-1] INFO  com.rs.mv.mvvs.client.catalog.from.scan.CurrentPathScanner - [client:400205]scan file in current open file directory(C:/Users/Chuka/Desktop/projects/nextjs/acrossnig4/src/pages/shoutout)
2024-05-29 17:22:25.521 [pool-3-thread-1] INFO  com.rs.mv.mvvs.client.catalog.from.scan.CurrentPathScanner - [client:400205]scan file in current open file directory(C:/Users/Chuka/Desktop/projects/nextjs/acrossnig4/src/pages/naijavibes)
2024-05-29 17:22:38.314 [pool-3-thread-1] INFO  com.rs.mv.mvvs.client.catalog.from.scan.CurrentPathScanner - [client:400205]scan file in current open file directory(C:/Users/Chuka/Desktop/projects/nextjs/acrossnig4/src/pages/shoutout)
2024-05-29 17:22:42.221 [pool-3-thread-1] INFO  com.rs.mv.mvvs.client.catalog.from.scan.CurrentPathScanner - [client:400205]scan file in current open file directory(C:/Users/Chuka/Desktop/projects/nextjs/acrossnig4/src/pages/naijavibes)
