2024-05-31 07:13:50.992 [pool-3-thread-1] INFO  com.rs.mv.mvvs.client.catalog.from.scan.CurrentPathScanner - [client:400205]scan file in current open file directory(C:/Users/Chuka/Desktop/projects/nextjs/acrossnig4/node_modules/next/dist/client)
2024-05-31 07:14:11.561 [pool-3-thread-1] INFO  com.rs.mv.mvvs.client.catalog.from.scan.CurrentPathScanner - [client:400205]scan file in current open file directory(C:/Users/Chuka/Desktop/projects/nextjs/acrossnig4/src/pages/naijavibes)
2024-05-31 07:40:37.713 [pool-3-thread-1] INFO  com.rs.mv.mvvs.client.catalog.from.scan.CurrentPathScanner - [client:400205]scan file in current open file directory(C:/Users/Chuka/Desktop/projects/nextjs/acrossnig4/src/pages/api/mail)
2024-05-31 07:40:42.513 [pool-3-thread-1] INFO  com.rs.mv.mvvs.client.catalog.from.scan.CurrentPathScanner - [client:400205]scan file in current open file directory(C:/Users/Chuka/Desktop/projects/nextjs/acrossnig4/src/components)
2024-05-31 07:40:48.480 [pool-3-thread-1] INFO  com.rs.mv.mvvs.client.catalog.from.scan.CurrentPathScanner - [client:400205]scan file in current open file directory(C:/Users/Chuka/Desktop/projects/nextjs/acrossnig4/src/pages/api/mail)
2024-05-31 07:40:58.289 [pool-3-thread-1] INFO  com.rs.mv.mvvs.client.catalog.from.scan.CurrentPathScanner - [client:400205]scan file in current open file directory(C:/Users/Chuka/Desktop/projects/nextjs/acrossnig4/src/pages/naijavibes)
2024-05-31 07:42:08.050 [pool-3-thread-1] INFO  com.rs.mv.mvvs.client.catalog.from.scan.CurrentPathScanner - [client:400205]scan file in current open file directory(C:/Users/Chuka/Desktop/projects/nextjs/acrossnig4/src/components)
2024-05-31 07:42:19.145 [pool-3-thread-1] INFO  com.rs.mv.mvvs.client.catalog.from.scan.CurrentPathScanner - [client:400205]scan file in current open file directory(C:/Users/Chuka/Desktop/projects/nextjs/acrossnig4/src/pages/api/mail)
2024-05-31 07:42:27.831 [pool-3-thread-1] INFO  com.rs.mv.mvvs.client.catalog.from.scan.CurrentPathScanner - [client:400205]scan file in current open file directory(C:/Users/Chuka/Desktop/projects/nextjs/acrossnig4/src/components)
2024-05-31 07:42:34.441 [pool-3-thread-1] INFO  com.rs.mv.mvvs.client.catalog.from.scan.CurrentPathScanner - [client:400205]scan file in current open file directory(C:/Users/Chuka/Desktop/projects/nextjs/acrossnig4/src/pages/api/mail)
2024-05-31 07:42:56.962 [pool-3-thread-1] INFO  com.rs.mv.mvvs.client.catalog.from.scan.CurrentPathScanner - [client:400205]scan file in current open file directory(C:/Users/Chuka/Desktop/projects/nextjs/acrossnig4/src/components)
2024-05-31 07:43:00.261 [pool-3-thread-1] INFO  com.rs.mv.mvvs.client.catalog.from.scan.CurrentPathScanner - [client:400205]scan file in current open file directory(C:/Users/Chuka/Desktop/projects/nextjs/acrossnig4/src/pages/api/mail)
2024-05-31 07:43:37.544 [pool-3-thread-1] INFO  com.rs.mv.mvvs.client.catalog.from.scan.CurrentPathScanner - [client:400205]scan file in current open file directory(C:/Users/Chuka/Desktop/projects/nextjs/acrossnig4/src/pages/naijavibes)
2024-05-31 07:45:38.557 [pool-3-thread-1] INFO  com.rs.mv.mvvs.client.catalog.from.scan.CurrentPathScanner - [client:400205]scan file in current open file directory(C:/Users/Chuka/Desktop/projects/nextjs/acrossnig4/src/components)
2024-05-31 07:48:09.363 [pool-3-thread-1] INFO  com.rs.mv.mvvs.client.catalog.from.scan.CurrentPathScanner - [client:400205]scan file in current open file directory(C:/Users/Chuka/Desktop/projects/nextjs/acrossnig4/src/components)
2024-05-31 07:48:27.984 [pool-3-thread-1] INFO  com.rs.mv.mvvs.client.catalog.from.scan.CurrentPathScanner - [client:400205]scan file in current open file directory(C:/Users/Chuka/Desktop/projects/nextjs/acrossnig4/src/components)
2024-05-31 14:50:53.150 [pool-3-thread-1] INFO  com.rs.mv.mvvs.client.catalog.from.scan.CurrentPathScanner - [client:400205]scan file in current open file directory(C:/Users/Chuka/Desktop/projects/nextjs/acrossnig4/src/pages/naijavibes)
2024-05-31 14:51:28.483 [pool-3-thread-1] INFO  com.rs.mv.mvvs.client.catalog.from.scan.CurrentPathScanner - [client:400205]scan file in current open file directory(C:/Users/Chuka/Desktop/projects/nextjs/acrossnig4/src/pages/naijavibes)
2024-05-31 14:51:32.039 [pool-3-thread-1] INFO  com.rs.mv.mvvs.client.catalog.from.scan.CurrentPathScanner - [client:400205]scan file in current open file directory(C:/Users/Chuka/Desktop/projects/nextjs/acrossnig4/src/pages/naijavibes)
2024-05-31 14:51:52.830 [pool-3-thread-1] INFO  com.rs.mv.mvvs.client.catalog.from.scan.CurrentPathScanner - [client:400205]scan file in current open file directory(C:/Users/Chuka/Desktop/projects/nextjs/acrossnig4/src/pages/naijavibes)
2024-05-31 14:54:57.233 [pool-3-thread-1] INFO  com.rs.mv.mvvs.client.catalog.from.scan.CurrentPathScanner - [client:400205]scan file in current open file directory(C:/Users/Chuka/Desktop/projects/nextjs/acrossnig4/src/pages/naijavibes)
2024-05-31 14:55:28.155 [pool-3-thread-1] INFO  com.rs.mv.mvvs.client.catalog.from.scan.CurrentPathScanner - [client:400205]scan file in current open file directory(C:/Users/Chuka/Desktop/projects/nextjs/acrossnig4/node_modules/react-player)
2024-05-31 14:55:41.578 [pool-3-thread-1] INFO  com.rs.mv.mvvs.client.catalog.from.scan.CurrentPathScanner - [client:400205]scan file in current open file directory(C:/Users/Chuka/Desktop/projects/nextjs/acrossnig4/src/pages/naijavibes)
2024-05-31 14:55:43.778 [pool-3-thread-1] INFO  com.rs.mv.mvvs.client.catalog.from.scan.CurrentPathScanner - [client:400205]scan file in current open file directory(C:/Users/Chuka/Desktop/projects/nextjs/acrossnig4/node_modules/react-player)
2024-05-31 14:55:45.507 [pool-3-thread-1] INFO  com.rs.mv.mvvs.client.catalog.from.scan.CurrentPathScanner - [client:400205]scan file in current open file directory(C:/Users/Chuka/Desktop/projects/nextjs/acrossnig4/node_modules/@types/react)
2024-05-31 14:56:08.433 [pool-3-thread-1] INFO  com.rs.mv.mvvs.client.catalog.from.scan.CurrentPathScanner - [client:400205]scan file in current open file directory(C:/Users/Chuka/Desktop/projects/nextjs/acrossnig4/node_modules/react-player)
2024-05-31 14:56:13.660 [pool-3-thread-1] INFO  com.rs.mv.mvvs.client.catalog.from.scan.CurrentPathScanner - [client:400205]scan file in current open file directory(C:/Users/Chuka/Desktop/projects/nextjs/acrossnig4/src/pages/naijavibes)
2024-05-31 14:56:40.173 [pool-3-thread-1] INFO  com.rs.mv.mvvs.client.catalog.from.scan.CurrentPathScanner - [client:400205]scan file in current open file directory(C:/Users/Chuka/Desktop/projects/nextjs/acrossnig4/node_modules/react-player/lib)
2024-05-31 14:57:06.709 [pool-3-thread-1] INFO  com.rs.mv.mvvs.client.catalog.from.scan.CurrentPathScanner - [client:400205]scan file in current open file directory(C:/Users/Chuka/Desktop/projects/nextjs/acrossnig4/src/pages/naijavibes)
2024-05-31 14:57:40.050 [pool-3-thread-1] INFO  com.rs.mv.mvvs.client.catalog.from.scan.CurrentPathScanner - [client:400205]scan file in current open file directory(C:/Users/Chuka/Desktop/projects/nextjs/acrossnig4/node_modules/react-player)
2024-05-31 14:57:44.227 [pool-3-thread-1] INFO  com.rs.mv.mvvs.client.catalog.from.scan.CurrentPathScanner - [client:400205]scan file in current open file directory(C:/Users/Chuka/Desktop/projects/nextjs/acrossnig4/src/pages/naijavibes)
2024-05-31 14:58:26.983 [pool-3-thread-1] INFO  com.rs.mv.mvvs.client.catalog.from.scan.CurrentPathScanner - [client:400205]scan file in current open file directory(C:/Users/Chuka/Desktop/projects/nextjs/acrossnig4/node_modules/react-player)
2024-05-31 14:59:03.995 [pool-3-thread-1] INFO  com.rs.mv.mvvs.client.catalog.from.scan.CurrentPathScanner - [client:400205]scan file in current open file directory(C:/Users/Chuka/Desktop/projects/nextjs/acrossnig4/src/pages/naijavibes)
2024-05-31 14:59:20.631 [pool-3-thread-1] INFO  com.rs.mv.mvvs.client.catalog.from.scan.CurrentPathScanner - [client:400205]scan file in current open file directory(C:/Users/Chuka/Desktop/projects/nextjs/acrossnig4/src/pages/naijavibes)
2024-05-31 15:54:27.279 [pool-3-thread-1] INFO  com.rs.mv.mvvs.client.catalog.from.scan.CurrentPathScanner - [client:400205]scan file in current open file directory(C:/Users/Chuka/Desktop/projects/nextjs/acrossnig4/src/pages/naijavibes)
2024-05-31 15:55:07.989 [pool-3-thread-1] INFO  com.rs.mv.mvvs.client.catalog.from.scan.CurrentPathScanner - [client:400205]scan file in current open file directory(C:/Users/Chuka/Desktop/projects/nextjs/acrossnig4/src/pages/naijavibes)
2024-05-31 15:59:20.870 [pool-3-thread-1] INFO  com.rs.mv.mvvs.client.catalog.from.scan.CurrentPathScanner - [client:400205]scan file in current open file directory(C:/Users/Chuka/Desktop/projects/nextjs/acrossnig4/src/pages/naijavibes)
2024-05-31 16:05:25.360 [pool-3-thread-1] INFO  com.rs.mv.mvvs.client.catalog.from.scan.CurrentPathScanner - [client:400205]scan file in current open file directory(C:/Users/Chuka/Desktop/projects/nextjs/acrossnig4/src/pages/naijavibes)
2024-05-31 16:05:44.398 [pool-3-thread-1] INFO  com.rs.mv.mvvs.client.catalog.from.scan.CurrentPathScanner - [client:400205]scan file in current open file directory(C:/Users/Chuka/Desktop/projects/nextjs/acrossnig4/src/pages/naijavibes)
2024-05-31 16:14:44.545 [pool-3-thread-1] INFO  com.rs.mv.mvvs.client.catalog.from.scan.CurrentPathScanner - [client:400205]scan file in current open file directory(C:/Users/Chuka/Desktop/projects/nextjs/acrossnig4/src/pages/naijavibes)
2024-05-31 16:14:54.002 [pool-3-thread-1] INFO  com.rs.mv.mvvs.client.catalog.from.scan.CurrentPathScanner - [client:400205]scan file in current open file directory(C:/Users/Chuka/Desktop/projects/nextjs/acrossnig4/src/pages/naijavibes)
2024-05-31 16:18:02.219 [pool-3-thread-1] INFO  com.rs.mv.mvvs.client.catalog.from.scan.CurrentPathScanner - [client:400205]scan file in current open file directory(C:/Users/Chuka/Desktop/projects/nextjs/acrossnig4/src/pages/naijavibes)
2024-05-31 16:18:34.630 [pool-3-thread-1] INFO  com.rs.mv.mvvs.client.catalog.from.scan.CurrentPathScanner - [client:400205]scan file in current open file directory(C:/Users/Chuka/Desktop/projects/nextjs/acrossnig4/src/pages/naijavibes)
2024-05-31 16:31:10.644 [pool-3-thread-1] INFO  com.rs.mv.mvvs.client.catalog.from.scan.CurrentPathScanner - [client:400205]scan file in current open file directory(C:/Users/Chuka/Desktop/projects/nextjs/acrossnig4/src/pages/naijavibes)
2024-05-31 16:32:39.411 [pool-3-thread-1] INFO  com.rs.mv.mvvs.client.catalog.from.scan.CurrentPathScanner - [client:400205]scan file in current open file directory(C:/Users/Chuka/Desktop/projects/nextjs/acrossnig4/src/components)
2024-05-31 16:33:11.052 [pool-3-thread-1] INFO  com.rs.mv.mvvs.client.catalog.from.scan.CurrentPathScanner - [client:400205]scan file in current open file directory(C:/Users/Chuka/Desktop/projects/nextjs/acrossnig4/node_modules/react-share-kit/dist/components/buttons)
2024-05-31 16:34:34.850 [pool-3-thread-1] INFO  com.rs.mv.mvvs.client.catalog.from.scan.CurrentPathScanner - [client:400205]scan file in current open file directory(C:/Users/Chuka/Desktop/projects/nextjs/acrossnig4/src/components)
2024-05-31 21:22:41.294 [pool-3-thread-1] INFO  com.rs.mv.mvvs.client.catalog.from.scan.CurrentPathScanner - [client:400205]scan file in current open file directory(C:/Users/Chuka/Desktop/projects/nextjs/acrossnig4/src/pages/naijavibes)
2024-05-31 21:28:33.470 [pool-3-thread-1] INFO  com.rs.mv.mvvs.client.catalog.from.scan.CurrentPathScanner - [client:400205]scan file in current open file directory(C:/Users/Chuka/Desktop/projects/nextjs/acrossnig4/src/components)
2024-05-31 21:28:52.763 [pool-3-thread-1] INFO  com.rs.mv.mvvs.client.catalog.from.scan.CurrentPathScanner - [client:400205]scan file in current open file directory(C:/Users/Chuka/Desktop/projects/nextjs/acrossnig4/src/pages/naijavibes)
2024-05-31 21:29:02.749 [pool-3-thread-1] INFO  com.rs.mv.mvvs.client.catalog.from.scan.CurrentPathScanner - [client:400205]scan file in current open file directory(C:/Users/Chuka/Desktop/projects/nextjs/acrossnig4/src/components)
2024-05-31 21:29:26.954 [pool-3-thread-1] INFO  com.rs.mv.mvvs.client.catalog.from.scan.CurrentPathScanner - [client:400205]scan file in current open file directory(C:/Users/Chuka/Desktop/projects/nextjs/acrossnig4/src/pages/naijavibes)
2024-05-31 21:31:10.224 [pool-3-thread-1] INFO  com.rs.mv.mvvs.client.catalog.from.scan.CurrentPathScanner - [client:400205]scan file in current open file directory(C:/Users/Chuka/Desktop/projects/nextjs/acrossnig4/src/pages/naijavibes)
2024-05-31 21:31:11.292 [pool-3-thread-1] INFO  com.rs.mv.mvvs.client.catalog.from.scan.CurrentPathScanner - [client:400205]scan file in current open file directory(C:/Users/Chuka/Desktop/projects/nextjs/acrossnig4/src/pages/naijavibes)
2024-05-31 21:32:38.587 [pool-3-thread-1] INFO  com.rs.mv.mvvs.client.catalog.from.scan.CurrentPathScanner - [client:400205]scan file in current open file directory(C:/Users/Chuka/Desktop/projects/nextjs/acrossnig4/src/pages/naijavibes)
2024-05-31 21:42:04.612 [pool-3-thread-1] INFO  com.rs.mv.mvvs.client.catalog.from.scan.CurrentPathScanner - [client:400205]scan file in current open file directory(C:/Users/Chuka/Desktop/projects/nextjs/acrossnig4/src/components)
2024-05-31 21:42:51.762 [pool-3-thread-1] INFO  com.rs.mv.mvvs.client.catalog.from.scan.CurrentPathScanner - [client:400205]scan file in current open file directory(C:/Users/Chuka/Desktop/projects/nextjs/acrossnig4/src/pages/naijavibes)
2024-05-31 21:43:05.195 [pool-3-thread-1] INFO  com.rs.mv.mvvs.client.catalog.from.scan.CurrentPathScanner - [client:400205]scan file in current open file directory(C:/Users/Chuka/Desktop/projects/nextjs/acrossnig4/src/components)
2024-05-31 21:45:25.399 [pool-3-thread-1] INFO  com.rs.mv.mvvs.client.catalog.from.scan.CurrentPathScanner - [client:400205]scan file in current open file directory(C:/Users/Chuka/Desktop/projects/nextjs/acrossnig4/src/pages/naijavibes)
2024-05-31 21:46:25.226 [pool-3-thread-1] INFO  com.rs.mv.mvvs.client.catalog.from.scan.CurrentPathScanner - [client:400205]scan file in current open file directory(C:/Users/Chuka/Desktop/projects/nextjs/acrossnig4/src/components)
2024-05-31 21:50:46.965 [pool-3-thread-1] INFO  com.rs.mv.mvvs.client.catalog.from.scan.CurrentPathScanner - [client:400205]scan file in current open file directory(C:/Users/Chuka/Desktop/projects/nextjs/acrossnig4/src/pages/naijavibes)
2024-05-31 21:50:48.533 [pool-3-thread-1] INFO  com.rs.mv.mvvs.client.catalog.from.scan.CurrentPathScanner - [client:400205]scan file in current open file directory(C:/Users/Chuka/Desktop/projects/nextjs/acrossnig4/src/components)
2024-05-31 21:58:36.320 [pool-3-thread-1] INFO  com.rs.mv.mvvs.client.catalog.from.scan.CurrentPathScanner - [client:400205]scan file in current open file directory(C:/Users/Chuka/Desktop/projects/nextjs/acrossnig4/src/components)
2024-05-31 22:27:16.179 [pool-3-thread-1] INFO  com.rs.mv.mvvs.client.catalog.from.scan.CurrentPathScanner - [client:400205]scan file in current open file directory(C:/Users/Chuka/Desktop/projects/nextjs/acrossnig4/src/pages/naijavibes)
2024-05-31 22:33:25.213 [pool-3-thread-1] INFO  com.rs.mv.mvvs.client.catalog.from.scan.CurrentPathScanner - [client:400205]scan file in current open file directory(C:/Users/Chuka/Desktop/projects/nextjs/acrossnig4)
2024-05-31 22:34:08.363 [pool-3-thread-1] INFO  com.rs.mv.mvvs.client.catalog.from.scan.CurrentPathScanner - [client:400205]scan file in current open file directory(C:/Users/Chuka/Desktop/projects/nextjs/acrossnig4/src/components)
2024-05-31 22:34:18.579 [pool-3-thread-1] INFO  com.rs.mv.mvvs.client.catalog.from.scan.CurrentPathScanner - [client:400205]scan file in current open file directory(C:/Users/Chuka/Desktop/projects/nextjs/acrossnig4/src/pages/naijavibes)
2024-05-31 23:34:26.356 [pool-3-thread-1] INFO  com.rs.mv.mvvs.client.catalog.from.scan.CurrentPathScanner - [client:400205]scan file in current open file directory(C:/Users/Chuka/Desktop/projects/nextjs/acrossnig4/node_modules/next-share/dist/components/buttons)
2024-05-31 23:34:30.083 [pool-3-thread-1] INFO  com.rs.mv.mvvs.client.catalog.from.scan.CurrentPathScanner - [client:400205]scan file in current open file directory(C:/Users/Chuka/Desktop/projects/nextjs/acrossnig4/src/pages/naijavibes)
